[2026-04-24T20:56:15.586+0000] {local_task_job_runner.py:123} INFO - ::group::Pre task execution logs
[2026-04-24T20:56:15.592+0000] {taskinstance.py:2614} INFO - Dependencies all met for dep_context=non-requeueable deps ti=<TaskInstance: dag1.check_file_task scheduled__2026-04-23T16:00:00+00:00 [queued]>
[2026-04-24T20:56:15.595+0000] {taskinstance.py:2614} INFO - Dependencies all met for dep_context=requeueable deps ti=<TaskInstance: dag1.check_file_task scheduled__2026-04-23T16:00:00+00:00 [queued]>
[2026-04-24T20:56:15.595+0000] {taskinstance.py:2867} INFO - Starting attempt 3 of 3
[2026-04-24T20:56:15.660+0000] {taskinstance.py:2890} INFO - Executing <Task(PythonOperator): check_file_task> on 2026-04-23 16:00:00+00:00
[2026-04-24T20:56:15.663+0000] {warnings.py:112} WARNING - /home/***/.local/lib/python3.12/site-packages/***/task/task_runner/standard_task_runner.py:70: DeprecationWarning: This process (pid=106) is multi-threaded, use of fork() may lead to deadlocks in the child.
  pid = os.fork()

[2026-04-24T20:56:15.664+0000] {standard_task_runner.py:72} INFO - Started process 107 to run task
[2026-04-24T20:56:15.664+0000] {standard_task_runner.py:104} INFO - Running: ['***', 'tasks', 'run', 'dag1', 'check_file_task', 'scheduled__2026-04-23T16:00:00+00:00', '--job-id', '240', '--raw', '--subdir', 'DAGS_FOLDER/dag1.py', '--cfg-path', '/tmp/tmp_2nw56p8']
[2026-04-24T20:56:15.665+0000] {standard_task_runner.py:105} INFO - Job 240: Subtask check_file_task
[2026-04-24T20:56:15.682+0000] {task_command.py:467} INFO - Running <TaskInstance: dag1.check_file_task scheduled__2026-04-23T16:00:00+00:00 [running]> on host fed0a0b3e6c1
[2026-04-24T20:56:15.707+0000] {taskinstance.py:3134} INFO - Exporting env vars: AIRFLOW_CTX_DAG_OWNER='***' AIRFLOW_CTX_DAG_ID='dag1' AIRFLOW_CTX_TASK_ID='check_file_task' AIRFLOW_CTX_EXECUTION_DATE='2026-04-23T16:00:00+00:00' AIRFLOW_CTX_TRY_NUMBER='3' AIRFLOW_CTX_DAG_RUN_ID='scheduled__2026-04-23T16:00:00+00:00'
[2026-04-24T20:56:15.708+0000] {logging_mixin.py:190} INFO - Task instance is in running state
[2026-04-24T20:56:15.708+0000] {logging_mixin.py:190} INFO -  Previous state of the Task instance: queued
[2026-04-24T20:56:15.708+0000] {logging_mixin.py:190} INFO - Current task name:check_file_task state:running start_date:2026-04-24 20:56:15.593039+00:00
[2026-04-24T20:56:15.708+0000] {logging_mixin.py:190} INFO - Dag name:dag1 and current dag run status:running
[2026-04-24T20:56:15.708+0000] {taskinstance.py:732} INFO - ::endgroup::
[2026-04-24T20:56:15.714+0000] {python.py:240} INFO - Done. Returned value was: None
[2026-04-24T20:56:15.717+0000] {taskinstance.py:341} INFO - ::group::Post task execution logs
[2026-04-24T20:56:15.718+0000] {taskinstance.py:353} INFO - Marking task as SUCCESS. dag_id=dag1, task_id=check_file_task, run_id=scheduled__2026-04-23T16:00:00+00:00, execution_date=20260423T160000, start_date=20260424T205615, end_date=20260424T205615
[2026-04-24T20:56:15.724+0000] {logging_mixin.py:190} INFO - Task instance in success state
[2026-04-24T20:56:15.724+0000] {logging_mixin.py:190} INFO -  Previous state of the Task instance: running
[2026-04-24T20:56:15.724+0000] {logging_mixin.py:190} INFO - Dag name:dag1 queued_at:2026-04-24 20:56:12.006364+00:00
[2026-04-24T20:56:15.724+0000] {logging_mixin.py:190} INFO - Task hostname:fed0a0b3e6c1 operator:PythonOperator
[2026-04-24T20:56:15.762+0000] {local_task_job_runner.py:266} INFO - Task exited with return code 0
[2026-04-24T20:56:15.773+0000] {taskinstance.py:3901} INFO - 1 downstream tasks scheduled from follow-on schedule check
[2026-04-24T20:56:15.774+0000] {local_task_job_runner.py:245} INFO - ::endgroup::
