[2026-04-24T20:16:39.235+0000] {local_task_job_runner.py:123} INFO - ::group::Pre task execution logs
[2026-04-24T20:16:39.244+0000] {taskinstance.py:2614} INFO - Dependencies all met for dep_context=non-requeueable deps ti=<TaskInstance: dag1.check_file_task scheduled__2026-04-23T16:00:00+00:00 [queued]>
[2026-04-24T20:16:39.247+0000] {taskinstance.py:2614} INFO - Dependencies all met for dep_context=requeueable deps ti=<TaskInstance: dag1.check_file_task scheduled__2026-04-23T16:00:00+00:00 [queued]>
[2026-04-24T20:16:39.247+0000] {taskinstance.py:2867} INFO - Starting attempt 1 of 1
[2026-04-24T20:16:39.322+0000] {taskinstance.py:2890} INFO - Executing <Task(PythonOperator): check_file_task> on 2026-04-23 16:00:00+00:00
[2026-04-24T20:16:39.326+0000] {warnings.py:112} WARNING - /home/***/.local/lib/python3.12/site-packages/***/task/task_runner/standard_task_runner.py:70: DeprecationWarning: This process (pid=564) is multi-threaded, use of fork() may lead to deadlocks in the child.
  pid = os.fork()

[2026-04-24T20:16:39.327+0000] {standard_task_runner.py:72} INFO - Started process 565 to run task
[2026-04-24T20:16:39.328+0000] {standard_task_runner.py:104} INFO - Running: ['***', 'tasks', 'run', 'dag1', 'check_file_task', 'scheduled__2026-04-23T16:00:00+00:00', '--job-id', '232', '--raw', '--subdir', 'DAGS_FOLDER/dag1.py', '--cfg-path', '/tmp/tmpiwuircyp']
[2026-04-24T20:16:39.329+0000] {standard_task_runner.py:105} INFO - Job 232: Subtask check_file_task
[2026-04-24T20:16:39.410+0000] {task_command.py:467} INFO - Running <TaskInstance: dag1.check_file_task scheduled__2026-04-23T16:00:00+00:00 [running]> on host 1d834ccc1a7b
[2026-04-24T20:16:39.439+0000] {taskinstance.py:3134} INFO - Exporting env vars: AIRFLOW_CTX_DAG_OWNER='***' AIRFLOW_CTX_DAG_ID='dag1' AIRFLOW_CTX_TASK_ID='check_file_task' AIRFLOW_CTX_EXECUTION_DATE='2026-04-23T16:00:00+00:00' AIRFLOW_CTX_TRY_NUMBER='1' AIRFLOW_CTX_DAG_RUN_ID='scheduled__2026-04-23T16:00:00+00:00'
[2026-04-24T20:16:39.440+0000] {logging_mixin.py:190} INFO - Task instance is in running state
[2026-04-24T20:16:39.440+0000] {logging_mixin.py:190} INFO -  Previous state of the Task instance: queued
[2026-04-24T20:16:39.440+0000] {logging_mixin.py:190} INFO - Current task name:check_file_task state:running start_date:2026-04-24 20:16:39.244709+00:00
[2026-04-24T20:16:39.440+0000] {logging_mixin.py:190} INFO - Dag name:dag1 and current dag run status:running
[2026-04-24T20:16:39.440+0000] {taskinstance.py:732} INFO - ::endgroup::
[2026-04-24T20:16:39.448+0000] {python.py:240} INFO - Done. Returned value was: None
[2026-04-24T20:16:39.451+0000] {taskinstance.py:341} INFO - ::group::Post task execution logs
[2026-04-24T20:16:39.451+0000] {taskinstance.py:353} INFO - Marking task as SUCCESS. dag_id=dag1, task_id=check_file_task, run_id=scheduled__2026-04-23T16:00:00+00:00, execution_date=20260423T160000, start_date=20260424T201639, end_date=20260424T201639
[2026-04-24T20:16:39.458+0000] {logging_mixin.py:190} INFO - Task instance in success state
[2026-04-24T20:16:39.458+0000] {logging_mixin.py:190} INFO -  Previous state of the Task instance: running
[2026-04-24T20:16:39.458+0000] {logging_mixin.py:190} INFO - Dag name:dag1 queued_at:2026-04-24 20:16:35.016223+00:00
[2026-04-24T20:16:39.458+0000] {logging_mixin.py:190} INFO - Task hostname:1d834ccc1a7b operator:PythonOperator
[2026-04-24T20:16:39.469+0000] {local_task_job_runner.py:266} INFO - Task exited with return code 0
[2026-04-24T20:16:39.481+0000] {taskinstance.py:3901} INFO - 1 downstream tasks scheduled from follow-on schedule check
[2026-04-24T20:16:39.483+0000] {local_task_job_runner.py:245} INFO - ::endgroup::
[2026-04-24T22:02:15.875+0000] {local_task_job_runner.py:123} INFO - ::group::Pre task execution logs
[2026-04-24T22:02:15.884+0000] {taskinstance.py:2614} INFO - Dependencies all met for dep_context=non-requeueable deps ti=<TaskInstance: dag1.check_file_task scheduled__2026-04-23T16:00:00+00:00 [queued]>
[2026-04-24T22:02:15.890+0000] {taskinstance.py:2614} INFO - Dependencies all met for dep_context=requeueable deps ti=<TaskInstance: dag1.check_file_task scheduled__2026-04-23T16:00:00+00:00 [queued]>
[2026-04-24T22:02:15.890+0000] {taskinstance.py:2867} INFO - Starting attempt 1 of 1
[2026-04-24T22:02:15.988+0000] {taskinstance.py:2890} INFO - Executing <Task(PythonOperator): check_file_task> on 2026-04-23 16:00:00+00:00
[2026-04-24T22:02:15.992+0000] {warnings.py:112} WARNING - /home/***/.local/lib/python3.12/site-packages/***/task/task_runner/standard_task_runner.py:70: DeprecationWarning: This process (pid=1022) is multi-threaded, use of fork() may lead to deadlocks in the child.
  pid = os.fork()

[2026-04-24T22:02:15.993+0000] {standard_task_runner.py:72} INFO - Started process 1024 to run task
[2026-04-24T22:02:15.994+0000] {standard_task_runner.py:104} INFO - Running: ['***', 'tasks', 'run', 'dag1', 'check_file_task', 'scheduled__2026-04-23T16:00:00+00:00', '--job-id', '258', '--raw', '--subdir', 'DAGS_FOLDER/dag1.py', '--cfg-path', '/tmp/tmp5jdtppv6']
[2026-04-24T22:02:15.994+0000] {standard_task_runner.py:105} INFO - Job 258: Subtask check_file_task
[2026-04-24T22:02:16.019+0000] {task_command.py:467} INFO - Running <TaskInstance: dag1.check_file_task scheduled__2026-04-23T16:00:00+00:00 [running]> on host fed0a0b3e6c1
[2026-04-24T22:02:16.044+0000] {taskinstance.py:3134} INFO - Exporting env vars: AIRFLOW_CTX_DAG_OWNER='***' AIRFLOW_CTX_DAG_ID='dag1' AIRFLOW_CTX_TASK_ID='check_file_task' AIRFLOW_CTX_EXECUTION_DATE='2026-04-23T16:00:00+00:00' AIRFLOW_CTX_TRY_NUMBER='1' AIRFLOW_CTX_DAG_RUN_ID='scheduled__2026-04-23T16:00:00+00:00'
[2026-04-24T22:02:16.045+0000] {logging_mixin.py:190} INFO - Task instance is in running state
[2026-04-24T22:02:16.045+0000] {logging_mixin.py:190} INFO -  Previous state of the Task instance: queued
[2026-04-24T22:02:16.045+0000] {logging_mixin.py:190} INFO - Current task name:check_file_task state:running start_date:2026-04-24 22:02:15.885841+00:00
[2026-04-24T22:02:16.045+0000] {logging_mixin.py:190} INFO - Dag name:dag1 and current dag run status:running
[2026-04-24T22:02:16.045+0000] {taskinstance.py:732} INFO - ::endgroup::
[2026-04-24T22:02:16.052+0000] {python.py:240} INFO - Done. Returned value was: None
[2026-04-24T22:02:16.056+0000] {taskinstance.py:341} INFO - ::group::Post task execution logs
[2026-04-24T22:02:16.056+0000] {taskinstance.py:353} INFO - Marking task as SUCCESS. dag_id=dag1, task_id=check_file_task, run_id=scheduled__2026-04-23T16:00:00+00:00, execution_date=20260423T160000, start_date=20260424T220215, end_date=20260424T220216
[2026-04-24T22:02:16.065+0000] {logging_mixin.py:190} INFO - Task instance in success state
[2026-04-24T22:02:16.065+0000] {logging_mixin.py:190} INFO -  Previous state of the Task instance: running
[2026-04-24T22:02:16.065+0000] {logging_mixin.py:190} INFO - Dag name:dag1 queued_at:2026-04-24 22:02:13.147604+00:00
[2026-04-24T22:02:16.065+0000] {logging_mixin.py:190} INFO - Task hostname:fed0a0b3e6c1 operator:PythonOperator
[2026-04-24T22:02:16.095+0000] {local_task_job_runner.py:266} INFO - Task exited with return code 0
[2026-04-24T22:02:16.107+0000] {taskinstance.py:3901} INFO - 1 downstream tasks scheduled from follow-on schedule check
[2026-04-24T22:02:16.109+0000] {local_task_job_runner.py:245} INFO - ::endgroup::
[2026-04-24T22:23:33.338+0000] {local_task_job_runner.py:123} INFO - ::group::Pre task execution logs
[2026-04-24T22:23:33.345+0000] {taskinstance.py:2614} INFO - Dependencies all met for dep_context=non-requeueable deps ti=<TaskInstance: dag1.check_file_task scheduled__2026-04-23T16:00:00+00:00 [queued]>
[2026-04-24T22:23:33.348+0000] {taskinstance.py:2614} INFO - Dependencies all met for dep_context=requeueable deps ti=<TaskInstance: dag1.check_file_task scheduled__2026-04-23T16:00:00+00:00 [queued]>
[2026-04-24T22:23:33.348+0000] {taskinstance.py:2867} INFO - Starting attempt 1 of 1
[2026-04-24T22:23:33.421+0000] {taskinstance.py:2890} INFO - Executing <Task(PythonOperator): check_file_task> on 2026-04-23 16:00:00+00:00
[2026-04-24T22:23:33.425+0000] {warnings.py:112} WARNING - /home/***/.local/lib/python3.12/site-packages/***/task/task_runner/standard_task_runner.py:70: DeprecationWarning: This process (pid=1356) is multi-threaded, use of fork() may lead to deadlocks in the child.
  pid = os.fork()

[2026-04-24T22:23:33.426+0000] {standard_task_runner.py:72} INFO - Started process 1357 to run task
[2026-04-24T22:23:33.426+0000] {standard_task_runner.py:104} INFO - Running: ['***', 'tasks', 'run', 'dag1', 'check_file_task', 'scheduled__2026-04-23T16:00:00+00:00', '--job-id', '266', '--raw', '--subdir', 'DAGS_FOLDER/dag1.py', '--cfg-path', '/tmp/tmp7ldmshcv']
[2026-04-24T22:23:33.427+0000] {standard_task_runner.py:105} INFO - Job 266: Subtask check_file_task
[2026-04-24T22:23:33.450+0000] {task_command.py:467} INFO - Running <TaskInstance: dag1.check_file_task scheduled__2026-04-23T16:00:00+00:00 [running]> on host fed0a0b3e6c1
[2026-04-24T22:23:33.481+0000] {taskinstance.py:3134} INFO - Exporting env vars: AIRFLOW_CTX_DAG_OWNER='***' AIRFLOW_CTX_DAG_ID='dag1' AIRFLOW_CTX_TASK_ID='check_file_task' AIRFLOW_CTX_EXECUTION_DATE='2026-04-23T16:00:00+00:00' AIRFLOW_CTX_TRY_NUMBER='1' AIRFLOW_CTX_DAG_RUN_ID='scheduled__2026-04-23T16:00:00+00:00'
[2026-04-24T22:23:33.482+0000] {logging_mixin.py:190} INFO - Task instance is in running state
[2026-04-24T22:23:33.482+0000] {logging_mixin.py:190} INFO -  Previous state of the Task instance: queued
[2026-04-24T22:23:33.483+0000] {logging_mixin.py:190} INFO - Current task name:check_file_task state:running start_date:2026-04-24 22:23:33.345678+00:00
[2026-04-24T22:23:33.483+0000] {logging_mixin.py:190} INFO - Dag name:dag1 and current dag run status:running
[2026-04-24T22:23:33.483+0000] {taskinstance.py:732} INFO - ::endgroup::
[2026-04-24T22:23:33.492+0000] {taskinstance.py:3313} ERROR - Task failed with exception
Traceback (most recent call last):
  File "/home/airflow/.local/lib/python3.12/site-packages/airflow/models/taskinstance.py", line 768, in _execute_task
    result = _execute_callable(context=context, **execute_callable_kwargs)
             ^^^^^^^^^^^^^^^^^^^^^^^^^^^^^^^^^^^^^^^^^^^^^^^^^^^^^^^^^^^^^
  File "/home/airflow/.local/lib/python3.12/site-packages/airflow/models/taskinstance.py", line 734, in _execute_callable
    return ExecutionCallableRunner(
           ^^^^^^^^^^^^^^^^^^^^^^^^
  File "/home/airflow/.local/lib/python3.12/site-packages/airflow/utils/operator_helpers.py", line 252, in run
    return self.func(*args, **kwargs)
           ^^^^^^^^^^^^^^^^^^^^^^^^^^
  File "/home/airflow/.local/lib/python3.12/site-packages/airflow/models/baseoperator.py", line 424, in wrapper
    return func(self, *args, **kwargs)
           ^^^^^^^^^^^^^^^^^^^^^^^^^^^
  File "/home/airflow/.local/lib/python3.12/site-packages/airflow/operators/python.py", line 238, in execute
    return_value = self.execute_callable()
                   ^^^^^^^^^^^^^^^^^^^^^^^
  File "/home/airflow/.local/lib/python3.12/site-packages/airflow/operators/python.py", line 256, in execute_callable
    return runner.run(*self.op_args, **self.op_kwargs)
           ^^^^^^^^^^^^^^^^^^^^^^^^^^^^^^^^^^^^^^^^^^^
  File "/home/airflow/.local/lib/python3.12/site-packages/airflow/utils/operator_helpers.py", line 252, in run
    return self.func(*args, **kwargs)
           ^^^^^^^^^^^^^^^^^^^^^^^^^^
  File "/opt/airflow/dags/dag1.py", line 52, in check_file
    raise ValueError('\n'.join(errors))
ValueError: size < 50 bytes
[2026-04-24T22:23:33.496+0000] {logging_mixin.py:190} INFO - Task instance in failure state
[2026-04-24T22:23:33.496+0000] {logging_mixin.py:190} INFO - Task start:2026-04-24 22:23:33.345678+00:00 end:2026-04-24 22:23:33.496225+00:00 duration:0.150547
[2026-04-24T22:23:33.496+0000] {logging_mixin.py:190} INFO - Task:<Task(PythonOperator): check_file_task> dag:<DAG: dag1> dagrun:<DagRun dag1 @ 2026-04-23 16:00:00+00:00: scheduled__2026-04-23T16:00:00+00:00, state:running, queued_at: 2026-04-24 22:18:29.930236+00:00. externally triggered: False>
[2026-04-24T22:23:33.496+0000] {logging_mixin.py:190} INFO - Failure caused by size < 50 bytes
[2026-04-24T22:23:33.496+0000] {taskinstance.py:1226} INFO - Marking task as FAILED. dag_id=dag1, task_id=check_file_task, run_id=scheduled__2026-04-23T16:00:00+00:00, execution_date=20260423T160000, start_date=20260424T222333, end_date=20260424T222333
[2026-04-24T22:23:33.504+0000] {taskinstance.py:341} INFO - ::group::Post task execution logs
[2026-04-24T22:23:33.504+0000] {standard_task_runner.py:124} ERROR - Failed to execute job 266 for task check_file_task (size < 50 bytes; 1357)
Traceback (most recent call last):
  File "/home/airflow/.local/lib/python3.12/site-packages/airflow/task/task_runner/standard_task_runner.py", line 117, in _start_by_fork
    ret = args.func(args, dag=self.dag)
          ^^^^^^^^^^^^^^^^^^^^^^^^^^^^^
  File "/home/airflow/.local/lib/python3.12/site-packages/airflow/cli/cli_config.py", line 49, in command
    return func(*args, **kwargs)
           ^^^^^^^^^^^^^^^^^^^^^
  File "/home/airflow/.local/lib/python3.12/site-packages/airflow/utils/cli.py", line 116, in wrapper
    return f(*args, **kwargs)
           ^^^^^^^^^^^^^^^^^^
  File "/home/airflow/.local/lib/python3.12/site-packages/airflow/cli/commands/task_command.py", line 483, in task_run
    task_return_code = _run_task_by_selected_method(args, _dag, ti)
                       ^^^^^^^^^^^^^^^^^^^^^^^^^^^^^^^^^^^^^^^^^^^^
  File "/home/airflow/.local/lib/python3.12/site-packages/airflow/cli/commands/task_command.py", line 256, in _run_task_by_selected_method
    return _run_raw_task(args, ti)
           ^^^^^^^^^^^^^^^^^^^^^^^
  File "/home/airflow/.local/lib/python3.12/site-packages/airflow/cli/commands/task_command.py", line 341, in _run_raw_task
    return ti._run_raw_task(
           ^^^^^^^^^^^^^^^^^
  File "/home/airflow/.local/lib/python3.12/site-packages/airflow/utils/session.py", line 97, in wrapper
    return func(*args, session=session, **kwargs)
           ^^^^^^^^^^^^^^^^^^^^^^^^^^^^^^^^^^^^^^
  File "/home/airflow/.local/lib/python3.12/site-packages/airflow/models/taskinstance.py", line 3006, in _run_raw_task
    return _run_raw_task(
           ^^^^^^^^^^^^^^
  File "/home/airflow/.local/lib/python3.12/site-packages/airflow/models/taskinstance.py", line 274, in _run_raw_task
    TaskInstance._execute_task_with_callbacks(
  File "/home/airflow/.local/lib/python3.12/site-packages/airflow/models/taskinstance.py", line 3161, in _execute_task_with_callbacks
    result = self._execute_task(context, task_orig)
             ^^^^^^^^^^^^^^^^^^^^^^^^^^^^^^^^^^^^^^
  File "/home/airflow/.local/lib/python3.12/site-packages/airflow/models/taskinstance.py", line 3185, in _execute_task
    return _execute_task(self, context, task_orig)
           ^^^^^^^^^^^^^^^^^^^^^^^^^^^^^^^^^^^^^^^
  File "/home/airflow/.local/lib/python3.12/site-packages/airflow/models/taskinstance.py", line 768, in _execute_task
    result = _execute_callable(context=context, **execute_callable_kwargs)
             ^^^^^^^^^^^^^^^^^^^^^^^^^^^^^^^^^^^^^^^^^^^^^^^^^^^^^^^^^^^^^
  File "/home/airflow/.local/lib/python3.12/site-packages/airflow/models/taskinstance.py", line 734, in _execute_callable
    return ExecutionCallableRunner(
           ^^^^^^^^^^^^^^^^^^^^^^^^
  File "/home/airflow/.local/lib/python3.12/site-packages/airflow/utils/operator_helpers.py", line 252, in run
    return self.func(*args, **kwargs)
           ^^^^^^^^^^^^^^^^^^^^^^^^^^
  File "/home/airflow/.local/lib/python3.12/site-packages/airflow/models/baseoperator.py", line 424, in wrapper
    return func(self, *args, **kwargs)
           ^^^^^^^^^^^^^^^^^^^^^^^^^^^
  File "/home/airflow/.local/lib/python3.12/site-packages/airflow/operators/python.py", line 238, in execute
    return_value = self.execute_callable()
                   ^^^^^^^^^^^^^^^^^^^^^^^
  File "/home/airflow/.local/lib/python3.12/site-packages/airflow/operators/python.py", line 256, in execute_callable
    return runner.run(*self.op_args, **self.op_kwargs)
           ^^^^^^^^^^^^^^^^^^^^^^^^^^^^^^^^^^^^^^^^^^^
  File "/home/airflow/.local/lib/python3.12/site-packages/airflow/utils/operator_helpers.py", line 252, in run
    return self.func(*args, **kwargs)
           ^^^^^^^^^^^^^^^^^^^^^^^^^^
  File "/opt/airflow/dags/dag1.py", line 52, in check_file
    raise ValueError('\n'.join(errors))
ValueError: size < 50 bytes
[2026-04-24T22:23:33.525+0000] {local_task_job_runner.py:266} INFO - Task exited with return code 1
[2026-04-24T22:23:33.534+0000] {taskinstance.py:3901} INFO - 1 downstream tasks scheduled from follow-on schedule check
[2026-04-24T22:23:33.536+0000] {local_task_job_runner.py:245} INFO - ::endgroup::
[2026-04-24T22:25:13.345+0000] {local_task_job_runner.py:123} INFO - ::group::Pre task execution logs
[2026-04-24T22:25:13.355+0000] {taskinstance.py:2614} INFO - Dependencies all met for dep_context=non-requeueable deps ti=<TaskInstance: dag1.check_file_task scheduled__2026-04-23T16:00:00+00:00 [queued]>
[2026-04-24T22:25:13.359+0000] {taskinstance.py:2614} INFO - Dependencies all met for dep_context=requeueable deps ti=<TaskInstance: dag1.check_file_task scheduled__2026-04-23T16:00:00+00:00 [queued]>
[2026-04-24T22:25:13.359+0000] {taskinstance.py:2867} INFO - Starting attempt 1 of 1
[2026-04-24T22:25:13.471+0000] {taskinstance.py:2890} INFO - Executing <Task(PythonOperator): check_file_task> on 2026-04-23 16:00:00+00:00
[2026-04-24T22:25:13.475+0000] {warnings.py:112} WARNING - /home/***/.local/lib/python3.12/site-packages/***/task/task_runner/standard_task_runner.py:70: DeprecationWarning: This process (pid=1390) is multi-threaded, use of fork() may lead to deadlocks in the child.
  pid = os.fork()

[2026-04-24T22:25:13.476+0000] {standard_task_runner.py:72} INFO - Started process 1393 to run task
[2026-04-24T22:25:13.478+0000] {standard_task_runner.py:104} INFO - Running: ['***', 'tasks', 'run', 'dag1', 'check_file_task', 'scheduled__2026-04-23T16:00:00+00:00', '--job-id', '271', '--raw', '--subdir', 'DAGS_FOLDER/dag1.py', '--cfg-path', '/tmp/tmp3qrhzv6j']
[2026-04-24T22:25:13.479+0000] {standard_task_runner.py:105} INFO - Job 271: Subtask check_file_task
[2026-04-24T22:25:13.514+0000] {task_command.py:467} INFO - Running <TaskInstance: dag1.check_file_task scheduled__2026-04-23T16:00:00+00:00 [running]> on host fed0a0b3e6c1
[2026-04-24T22:25:13.562+0000] {taskinstance.py:3134} INFO - Exporting env vars: AIRFLOW_CTX_DAG_OWNER='***' AIRFLOW_CTX_DAG_ID='dag1' AIRFLOW_CTX_TASK_ID='check_file_task' AIRFLOW_CTX_EXECUTION_DATE='2026-04-23T16:00:00+00:00' AIRFLOW_CTX_TRY_NUMBER='1' AIRFLOW_CTX_DAG_RUN_ID='scheduled__2026-04-23T16:00:00+00:00'
[2026-04-24T22:25:13.563+0000] {logging_mixin.py:190} INFO - Task instance is in running state
[2026-04-24T22:25:13.563+0000] {logging_mixin.py:190} INFO -  Previous state of the Task instance: queued
[2026-04-24T22:25:13.563+0000] {logging_mixin.py:190} INFO - Current task name:check_file_task state:running start_date:2026-04-24 22:25:13.355500+00:00
[2026-04-24T22:25:13.563+0000] {logging_mixin.py:190} INFO - Dag name:dag1 and current dag run status:running
[2026-04-24T22:25:13.563+0000] {taskinstance.py:732} INFO - ::endgroup::
[2026-04-24T22:25:13.581+0000] {taskinstance.py:3313} ERROR - Task failed with exception
Traceback (most recent call last):
  File "/home/airflow/.local/lib/python3.12/site-packages/airflow/models/taskinstance.py", line 768, in _execute_task
    result = _execute_callable(context=context, **execute_callable_kwargs)
             ^^^^^^^^^^^^^^^^^^^^^^^^^^^^^^^^^^^^^^^^^^^^^^^^^^^^^^^^^^^^^
  File "/home/airflow/.local/lib/python3.12/site-packages/airflow/models/taskinstance.py", line 734, in _execute_callable
    return ExecutionCallableRunner(
           ^^^^^^^^^^^^^^^^^^^^^^^^
  File "/home/airflow/.local/lib/python3.12/site-packages/airflow/utils/operator_helpers.py", line 252, in run
    return self.func(*args, **kwargs)
           ^^^^^^^^^^^^^^^^^^^^^^^^^^
  File "/home/airflow/.local/lib/python3.12/site-packages/airflow/models/baseoperator.py", line 424, in wrapper
    return func(self, *args, **kwargs)
           ^^^^^^^^^^^^^^^^^^^^^^^^^^^
  File "/home/airflow/.local/lib/python3.12/site-packages/airflow/operators/python.py", line 238, in execute
    return_value = self.execute_callable()
                   ^^^^^^^^^^^^^^^^^^^^^^^
  File "/home/airflow/.local/lib/python3.12/site-packages/airflow/operators/python.py", line 256, in execute_callable
    return runner.run(*self.op_args, **self.op_kwargs)
           ^^^^^^^^^^^^^^^^^^^^^^^^^^^^^^^^^^^^^^^^^^^
  File "/home/airflow/.local/lib/python3.12/site-packages/airflow/utils/operator_helpers.py", line 252, in run
    return self.func(*args, **kwargs)
           ^^^^^^^^^^^^^^^^^^^^^^^^^^
  File "/opt/airflow/dags/dag1.py", line 63, in check_file
    raise ValueError("\n".join(errors))
ValueError: id 欄位值重複
[2026-04-24T22:25:13.585+0000] {logging_mixin.py:190} INFO - Task instance in failure state
[2026-04-24T22:25:13.586+0000] {logging_mixin.py:190} INFO - Task start:2026-04-24 22:25:13.355500+00:00 end:2026-04-24 22:25:13.585606+00:00 duration:0.230106
[2026-04-24T22:25:13.586+0000] {logging_mixin.py:190} INFO - Task:<Task(PythonOperator): check_file_task> dag:<DAG: dag1> dagrun:<DagRun dag1 @ 2026-04-23 16:00:00+00:00: scheduled__2026-04-23T16:00:00+00:00, state:running, queued_at: 2026-04-24 22:25:10.063904+00:00. externally triggered: False>
[2026-04-24T22:25:13.586+0000] {logging_mixin.py:190} INFO - Failure caused by id 欄位值重複
[2026-04-24T22:25:13.588+0000] {taskinstance.py:1226} INFO - Marking task as FAILED. dag_id=dag1, task_id=check_file_task, run_id=scheduled__2026-04-23T16:00:00+00:00, execution_date=20260423T160000, start_date=20260424T222513, end_date=20260424T222513
[2026-04-24T22:25:13.602+0000] {taskinstance.py:341} INFO - ::group::Post task execution logs
[2026-04-24T22:25:13.602+0000] {standard_task_runner.py:124} ERROR - Failed to execute job 271 for task check_file_task (id 欄位值重複; 1393)
Traceback (most recent call last):
  File "/home/airflow/.local/lib/python3.12/site-packages/airflow/task/task_runner/standard_task_runner.py", line 117, in _start_by_fork
    ret = args.func(args, dag=self.dag)
          ^^^^^^^^^^^^^^^^^^^^^^^^^^^^^
  File "/home/airflow/.local/lib/python3.12/site-packages/airflow/cli/cli_config.py", line 49, in command
    return func(*args, **kwargs)
           ^^^^^^^^^^^^^^^^^^^^^
  File "/home/airflow/.local/lib/python3.12/site-packages/airflow/utils/cli.py", line 116, in wrapper
    return f(*args, **kwargs)
           ^^^^^^^^^^^^^^^^^^
  File "/home/airflow/.local/lib/python3.12/site-packages/airflow/cli/commands/task_command.py", line 483, in task_run
    task_return_code = _run_task_by_selected_method(args, _dag, ti)
                       ^^^^^^^^^^^^^^^^^^^^^^^^^^^^^^^^^^^^^^^^^^^^
  File "/home/airflow/.local/lib/python3.12/site-packages/airflow/cli/commands/task_command.py", line 256, in _run_task_by_selected_method
    return _run_raw_task(args, ti)
           ^^^^^^^^^^^^^^^^^^^^^^^
  File "/home/airflow/.local/lib/python3.12/site-packages/airflow/cli/commands/task_command.py", line 341, in _run_raw_task
    return ti._run_raw_task(
           ^^^^^^^^^^^^^^^^^
  File "/home/airflow/.local/lib/python3.12/site-packages/airflow/utils/session.py", line 97, in wrapper
    return func(*args, session=session, **kwargs)
           ^^^^^^^^^^^^^^^^^^^^^^^^^^^^^^^^^^^^^^
  File "/home/airflow/.local/lib/python3.12/site-packages/airflow/models/taskinstance.py", line 3006, in _run_raw_task
    return _run_raw_task(
           ^^^^^^^^^^^^^^
  File "/home/airflow/.local/lib/python3.12/site-packages/airflow/models/taskinstance.py", line 274, in _run_raw_task
    TaskInstance._execute_task_with_callbacks(
  File "/home/airflow/.local/lib/python3.12/site-packages/airflow/models/taskinstance.py", line 3161, in _execute_task_with_callbacks
    result = self._execute_task(context, task_orig)
             ^^^^^^^^^^^^^^^^^^^^^^^^^^^^^^^^^^^^^^
  File "/home/airflow/.local/lib/python3.12/site-packages/airflow/models/taskinstance.py", line 3185, in _execute_task
    return _execute_task(self, context, task_orig)
           ^^^^^^^^^^^^^^^^^^^^^^^^^^^^^^^^^^^^^^^
  File "/home/airflow/.local/lib/python3.12/site-packages/airflow/models/taskinstance.py", line 768, in _execute_task
    result = _execute_callable(context=context, **execute_callable_kwargs)
             ^^^^^^^^^^^^^^^^^^^^^^^^^^^^^^^^^^^^^^^^^^^^^^^^^^^^^^^^^^^^^
  File "/home/airflow/.local/lib/python3.12/site-packages/airflow/models/taskinstance.py", line 734, in _execute_callable
    return ExecutionCallableRunner(
           ^^^^^^^^^^^^^^^^^^^^^^^^
  File "/home/airflow/.local/lib/python3.12/site-packages/airflow/utils/operator_helpers.py", line 252, in run
    return self.func(*args, **kwargs)
           ^^^^^^^^^^^^^^^^^^^^^^^^^^
  File "/home/airflow/.local/lib/python3.12/site-packages/airflow/models/baseoperator.py", line 424, in wrapper
    return func(self, *args, **kwargs)
           ^^^^^^^^^^^^^^^^^^^^^^^^^^^
  File "/home/airflow/.local/lib/python3.12/site-packages/airflow/operators/python.py", line 238, in execute
    return_value = self.execute_callable()
                   ^^^^^^^^^^^^^^^^^^^^^^^
  File "/home/airflow/.local/lib/python3.12/site-packages/airflow/operators/python.py", line 256, in execute_callable
    return runner.run(*self.op_args, **self.op_kwargs)
           ^^^^^^^^^^^^^^^^^^^^^^^^^^^^^^^^^^^^^^^^^^^
  File "/home/airflow/.local/lib/python3.12/site-packages/airflow/utils/operator_helpers.py", line 252, in run
    return self.func(*args, **kwargs)
           ^^^^^^^^^^^^^^^^^^^^^^^^^^
  File "/opt/airflow/dags/dag1.py", line 63, in check_file
    raise ValueError("\n".join(errors))
ValueError: id 欄位值重複
[2026-04-24T22:25:13.619+0000] {local_task_job_runner.py:266} INFO - Task exited with return code 1
[2026-04-24T22:25:13.632+0000] {taskinstance.py:3901} INFO - 1 downstream tasks scheduled from follow-on schedule check
[2026-04-24T22:25:13.634+0000] {local_task_job_runner.py:245} INFO - ::endgroup::
