[2026-04-24T21:25:39.698+0000] {local_task_job_runner.py:123} INFO - ::group::Pre task execution logs
[2026-04-24T21:25:39.710+0000] {taskinstance.py:2614} INFO - Dependencies all met for dep_context=non-requeueable deps ti=<TaskInstance: dag1.check_file_task scheduled__2026-04-23T16:00:00+00:00 [queued]>
[2026-04-24T21:25:39.713+0000] {taskinstance.py:2614} INFO - Dependencies all met for dep_context=requeueable deps ti=<TaskInstance: dag1.check_file_task scheduled__2026-04-23T16:00:00+00:00 [queued]>
[2026-04-24T21:25:39.713+0000] {taskinstance.py:2867} INFO - Starting attempt 4 of 4
[2026-04-24T21:25:39.798+0000] {taskinstance.py:2890} INFO - Executing <Task(PythonOperator): check_file_task> on 2026-04-23 16:00:00+00:00
[2026-04-24T21:25:39.804+0000] {warnings.py:112} WARNING - /home/***/.local/lib/python3.12/site-packages/***/task/task_runner/standard_task_runner.py:70: DeprecationWarning: This process (pid=531) is multi-threaded, use of fork() may lead to deadlocks in the child.
  pid = os.fork()

[2026-04-24T21:25:39.805+0000] {standard_task_runner.py:72} INFO - Started process 535 to run task
[2026-04-24T21:25:39.806+0000] {standard_task_runner.py:104} INFO - Running: ['***', 'tasks', 'run', 'dag1', 'check_file_task', 'scheduled__2026-04-23T16:00:00+00:00', '--job-id', '250', '--raw', '--subdir', 'DAGS_FOLDER/dag1.py', '--cfg-path', '/tmp/tmpuxfblddu']
[2026-04-24T21:25:39.807+0000] {standard_task_runner.py:105} INFO - Job 250: Subtask check_file_task
[2026-04-24T21:25:39.836+0000] {task_command.py:467} INFO - Running <TaskInstance: dag1.check_file_task scheduled__2026-04-23T16:00:00+00:00 [running]> on host fed0a0b3e6c1
[2026-04-24T21:25:39.865+0000] {taskinstance.py:3134} INFO - Exporting env vars: AIRFLOW_CTX_DAG_OWNER='***' AIRFLOW_CTX_DAG_ID='dag1' AIRFLOW_CTX_TASK_ID='check_file_task' AIRFLOW_CTX_EXECUTION_DATE='2026-04-23T16:00:00+00:00' AIRFLOW_CTX_TRY_NUMBER='4' AIRFLOW_CTX_DAG_RUN_ID='scheduled__2026-04-23T16:00:00+00:00'
[2026-04-24T21:25:39.866+0000] {logging_mixin.py:190} INFO - Task instance is in running state
[2026-04-24T21:25:39.866+0000] {logging_mixin.py:190} INFO -  Previous state of the Task instance: queued
[2026-04-24T21:25:39.866+0000] {logging_mixin.py:190} INFO - Current task name:check_file_task state:running start_date:2026-04-24 21:25:39.710640+00:00
[2026-04-24T21:25:39.866+0000] {logging_mixin.py:190} INFO - Dag name:dag1 and current dag run status:running
[2026-04-24T21:25:39.867+0000] {taskinstance.py:732} INFO - ::endgroup::
[2026-04-24T21:25:39.873+0000] {taskinstance.py:3313} ERROR - Task failed with exception
Traceback (most recent call last):
  File "/home/airflow/.local/lib/python3.12/site-packages/airflow/models/taskinstance.py", line 768, in _execute_task
    result = _execute_callable(context=context, **execute_callable_kwargs)
             ^^^^^^^^^^^^^^^^^^^^^^^^^^^^^^^^^^^^^^^^^^^^^^^^^^^^^^^^^^^^^
  File "/home/airflow/.local/lib/python3.12/site-packages/airflow/models/taskinstance.py", line 734, in _execute_callable
    return ExecutionCallableRunner(
           ^^^^^^^^^^^^^^^^^^^^^^^^
  File "/home/airflow/.local/lib/python3.12/site-packages/airflow/utils/operator_helpers.py", line 252, in run
    return self.func(*args, **kwargs)
           ^^^^^^^^^^^^^^^^^^^^^^^^^^
  File "/home/airflow/.local/lib/python3.12/site-packages/airflow/models/baseoperator.py", line 424, in wrapper
    return func(self, *args, **kwargs)
           ^^^^^^^^^^^^^^^^^^^^^^^^^^^
  File "/home/airflow/.local/lib/python3.12/site-packages/airflow/operators/python.py", line 238, in execute
    return_value = self.execute_callable()
                   ^^^^^^^^^^^^^^^^^^^^^^^
  File "/home/airflow/.local/lib/python3.12/site-packages/airflow/operators/python.py", line 256, in execute_callable
    return runner.run(*self.op_args, **self.op_kwargs)
           ^^^^^^^^^^^^^^^^^^^^^^^^^^^^^^^^^^^^^^^^^^^
  File "/home/airflow/.local/lib/python3.12/site-packages/airflow/utils/operator_helpers.py", line 252, in run
    return self.func(*args, **kwargs)
           ^^^^^^^^^^^^^^^^^^^^^^^^^^
  File "/opt/airflow/dags/dag1.py", line 47, in check_file
    raise ValueError('\n'.join(errors))
ValueError: size < 50 bytes
[2026-04-24T21:25:39.878+0000] {logging_mixin.py:190} INFO - Task instance in failure state
[2026-04-24T21:25:39.878+0000] {logging_mixin.py:190} INFO - Task start:2026-04-24 21:25:39.710640+00:00 end:2026-04-24 21:25:39.877916+00:00 duration:0.167276
[2026-04-24T21:25:39.878+0000] {logging_mixin.py:190} INFO - Task:<Task(PythonOperator): check_file_task> dag:<DAG: dag1> dagrun:<DagRun dag1 @ 2026-04-23 16:00:00+00:00: scheduled__2026-04-23T16:00:00+00:00, state:running, queued_at: 2026-04-24 21:25:26.482372+00:00. externally triggered: False>
[2026-04-24T21:25:39.878+0000] {logging_mixin.py:190} INFO - Failure caused by size < 50 bytes
[2026-04-24T21:25:39.878+0000] {taskinstance.py:1226} INFO - Marking task as FAILED. dag_id=dag1, task_id=check_file_task, run_id=scheduled__2026-04-23T16:00:00+00:00, execution_date=20260423T160000, start_date=20260424T212539, end_date=20260424T212539
[2026-04-24T21:25:39.889+0000] {taskinstance.py:341} INFO - ::group::Post task execution logs
[2026-04-24T21:25:39.890+0000] {standard_task_runner.py:124} ERROR - Failed to execute job 250 for task check_file_task (size < 50 bytes; 535)
Traceback (most recent call last):
  File "/home/airflow/.local/lib/python3.12/site-packages/airflow/task/task_runner/standard_task_runner.py", line 117, in _start_by_fork
    ret = args.func(args, dag=self.dag)
          ^^^^^^^^^^^^^^^^^^^^^^^^^^^^^
  File "/home/airflow/.local/lib/python3.12/site-packages/airflow/cli/cli_config.py", line 49, in command
    return func(*args, **kwargs)
           ^^^^^^^^^^^^^^^^^^^^^
  File "/home/airflow/.local/lib/python3.12/site-packages/airflow/utils/cli.py", line 116, in wrapper
    return f(*args, **kwargs)
           ^^^^^^^^^^^^^^^^^^
  File "/home/airflow/.local/lib/python3.12/site-packages/airflow/cli/commands/task_command.py", line 483, in task_run
    task_return_code = _run_task_by_selected_method(args, _dag, ti)
                       ^^^^^^^^^^^^^^^^^^^^^^^^^^^^^^^^^^^^^^^^^^^^
  File "/home/airflow/.local/lib/python3.12/site-packages/airflow/cli/commands/task_command.py", line 256, in _run_task_by_selected_method
    return _run_raw_task(args, ti)
           ^^^^^^^^^^^^^^^^^^^^^^^
  File "/home/airflow/.local/lib/python3.12/site-packages/airflow/cli/commands/task_command.py", line 341, in _run_raw_task
    return ti._run_raw_task(
           ^^^^^^^^^^^^^^^^^
  File "/home/airflow/.local/lib/python3.12/site-packages/airflow/utils/session.py", line 97, in wrapper
    return func(*args, session=session, **kwargs)
           ^^^^^^^^^^^^^^^^^^^^^^^^^^^^^^^^^^^^^^
  File "/home/airflow/.local/lib/python3.12/site-packages/airflow/models/taskinstance.py", line 3006, in _run_raw_task
    return _run_raw_task(
           ^^^^^^^^^^^^^^
  File "/home/airflow/.local/lib/python3.12/site-packages/airflow/models/taskinstance.py", line 274, in _run_raw_task
    TaskInstance._execute_task_with_callbacks(
  File "/home/airflow/.local/lib/python3.12/site-packages/airflow/models/taskinstance.py", line 3161, in _execute_task_with_callbacks
    result = self._execute_task(context, task_orig)
             ^^^^^^^^^^^^^^^^^^^^^^^^^^^^^^^^^^^^^^
  File "/home/airflow/.local/lib/python3.12/site-packages/airflow/models/taskinstance.py", line 3185, in _execute_task
    return _execute_task(self, context, task_orig)
           ^^^^^^^^^^^^^^^^^^^^^^^^^^^^^^^^^^^^^^^
  File "/home/airflow/.local/lib/python3.12/site-packages/airflow/models/taskinstance.py", line 768, in _execute_task
    result = _execute_callable(context=context, **execute_callable_kwargs)
             ^^^^^^^^^^^^^^^^^^^^^^^^^^^^^^^^^^^^^^^^^^^^^^^^^^^^^^^^^^^^^
  File "/home/airflow/.local/lib/python3.12/site-packages/airflow/models/taskinstance.py", line 734, in _execute_callable
    return ExecutionCallableRunner(
           ^^^^^^^^^^^^^^^^^^^^^^^^
  File "/home/airflow/.local/lib/python3.12/site-packages/airflow/utils/operator_helpers.py", line 252, in run
    return self.func(*args, **kwargs)
           ^^^^^^^^^^^^^^^^^^^^^^^^^^
  File "/home/airflow/.local/lib/python3.12/site-packages/airflow/models/baseoperator.py", line 424, in wrapper
    return func(self, *args, **kwargs)
           ^^^^^^^^^^^^^^^^^^^^^^^^^^^
  File "/home/airflow/.local/lib/python3.12/site-packages/airflow/operators/python.py", line 238, in execute
    return_value = self.execute_callable()
                   ^^^^^^^^^^^^^^^^^^^^^^^
  File "/home/airflow/.local/lib/python3.12/site-packages/airflow/operators/python.py", line 256, in execute_callable
    return runner.run(*self.op_args, **self.op_kwargs)
           ^^^^^^^^^^^^^^^^^^^^^^^^^^^^^^^^^^^^^^^^^^^
  File "/home/airflow/.local/lib/python3.12/site-packages/airflow/utils/operator_helpers.py", line 252, in run
    return self.func(*args, **kwargs)
           ^^^^^^^^^^^^^^^^^^^^^^^^^^
  File "/opt/airflow/dags/dag1.py", line 47, in check_file
    raise ValueError('\n'.join(errors))
ValueError: size < 50 bytes
[2026-04-24T21:25:39.904+0000] {local_task_job_runner.py:266} INFO - Task exited with return code 1
[2026-04-24T21:25:39.917+0000] {taskinstance.py:3901} INFO - 1 downstream tasks scheduled from follow-on schedule check
[2026-04-24T21:25:39.918+0000] {local_task_job_runner.py:245} INFO - ::endgroup::
