[2026-04-24T20:33:56.377+0000] {local_task_job_runner.py:123} INFO - ::group::Pre task execution logs
[2026-04-24T20:33:56.382+0000] {taskinstance.py:2614} INFO - Dependencies all met for dep_context=non-requeueable deps ti=<TaskInstance: dag1.wait_file scheduled__2026-04-23T16:00:00+00:00 [queued]>
[2026-04-24T20:33:56.384+0000] {taskinstance.py:2614} INFO - Dependencies all met for dep_context=requeueable deps ti=<TaskInstance: dag1.wait_file scheduled__2026-04-23T16:00:00+00:00 [queued]>
[2026-04-24T20:33:56.385+0000] {taskinstance.py:2867} INFO - Starting attempt 2 of 2
[2026-04-24T20:33:56.389+0000] {taskinstance.py:2890} INFO - Executing <Task(FileSensor): wait_file> on 2026-04-23 16:00:00+00:00
[2026-04-24T20:33:56.392+0000] {warnings.py:112} WARNING - /home/***/.local/lib/python3.12/site-packages/***/task/task_runner/standard_task_runner.py:70: DeprecationWarning: This process (pid=847) is multi-threaded, use of fork() may lead to deadlocks in the child.
  pid = os.fork()

[2026-04-24T20:33:56.393+0000] {standard_task_runner.py:72} INFO - Started process 848 to run task
[2026-04-24T20:33:56.394+0000] {standard_task_runner.py:104} INFO - Running: ['***', 'tasks', 'run', 'dag1', 'wait_file', 'scheduled__2026-04-23T16:00:00+00:00', '--job-id', '234', '--raw', '--subdir', 'DAGS_FOLDER/dag1.py', '--cfg-path', '/tmp/tmpllf93elz']
[2026-04-24T20:33:56.394+0000] {standard_task_runner.py:105} INFO - Job 234: Subtask wait_file
[2026-04-24T20:33:56.579+0000] {task_command.py:467} INFO - Running <TaskInstance: dag1.wait_file scheduled__2026-04-23T16:00:00+00:00 [running]> on host 1d834ccc1a7b
[2026-04-24T20:33:56.605+0000] {taskinstance.py:3134} INFO - Exporting env vars: AIRFLOW_CTX_DAG_OWNER='***' AIRFLOW_CTX_DAG_ID='dag1' AIRFLOW_CTX_TASK_ID='wait_file' AIRFLOW_CTX_EXECUTION_DATE='2026-04-23T16:00:00+00:00' AIRFLOW_CTX_TRY_NUMBER='2' AIRFLOW_CTX_DAG_RUN_ID='scheduled__2026-04-23T16:00:00+00:00'
[2026-04-24T20:33:56.606+0000] {logging_mixin.py:190} INFO - Task instance is in running state
[2026-04-24T20:33:56.607+0000] {logging_mixin.py:190} INFO -  Previous state of the Task instance: queued
[2026-04-24T20:33:56.607+0000] {logging_mixin.py:190} INFO - Current task name:wait_file state:running start_date:2026-04-24 20:33:56.382635+00:00
[2026-04-24T20:33:56.607+0000] {logging_mixin.py:190} INFO - Dag name:dag1 and current dag run status:running
[2026-04-24T20:33:56.608+0000] {taskinstance.py:732} INFO - ::endgroup::
[2026-04-24T20:33:56.608+0000] {baseoperator.py:423} WARNING - FileSensor.execute cannot be called outside TaskInstance!
[2026-04-24T20:33:56.614+0000] {base.py:84} INFO - Retrieving connection 'fs_default'
[2026-04-24T20:33:56.615+0000] {filesystem.py:109} INFO - Poking for file /tmp/test/record_20260424.txt
[2026-04-24T20:34:56.617+0000] {filesystem.py:109} INFO - Poking for file /tmp/test/record_20260424.txt
[2026-04-24T20:35:56.623+0000] {filesystem.py:109} INFO - Poking for file /tmp/test/record_20260424.txt
[2026-04-24T20:36:56.637+0000] {filesystem.py:109} INFO - Poking for file /tmp/test/record_20260424.txt
[2026-04-24T20:37:56.645+0000] {filesystem.py:109} INFO - Poking for file /tmp/test/record_20260424.txt
[2026-04-24T20:38:56.653+0000] {filesystem.py:109} INFO - Poking for file /tmp/test/record_20260424.txt
[2026-04-24T20:39:56.664+0000] {filesystem.py:109} INFO - Poking for file /tmp/test/record_20260424.txt
[2026-04-24T20:40:56.671+0000] {filesystem.py:109} INFO - Poking for file /tmp/test/record_20260424.txt
[2026-04-24T20:41:56.676+0000] {filesystem.py:109} INFO - Poking for file /tmp/test/record_20260424.txt
[2026-04-24T20:41:56.684+0000] {filesystem.py:113} INFO - Found File /tmp/test/record_20260424.txt last modified: 20260424203900
[2026-04-24T20:41:56.686+0000] {base.py:339} INFO - Success criteria met. Exiting.
[2026-04-24T20:41:56.690+0000] {filesystem.py:109} INFO - Poking for file /tmp/test/record_20260424.txt
[2026-04-24T20:41:56.691+0000] {filesystem.py:113} INFO - Found File /tmp/test/record_20260424.txt last modified: 20260424203900
[2026-04-24T20:41:56.732+0000] {taskinstance.py:341} INFO - ::group::Post task execution logs
[2026-04-24T20:41:56.733+0000] {taskinstance.py:353} INFO - Marking task as SUCCESS. dag_id=dag1, task_id=wait_file, run_id=scheduled__2026-04-23T16:00:00+00:00, execution_date=20260423T160000, start_date=20260424T203356, end_date=20260424T204156
[2026-04-24T20:41:56.767+0000] {logging_mixin.py:190} INFO - Task instance in success state
[2026-04-24T20:41:56.768+0000] {logging_mixin.py:190} INFO -  Previous state of the Task instance: running
[2026-04-24T20:41:56.768+0000] {logging_mixin.py:190} INFO - Dag name:dag1 queued_at:2026-04-24 20:33:55.370799+00:00
[2026-04-24T20:41:56.768+0000] {logging_mixin.py:190} INFO - Task hostname:1d834ccc1a7b operator:FileSensor
[2026-04-24T20:41:56.824+0000] {local_task_job_runner.py:266} INFO - Task exited with return code 0
[2026-04-24T20:41:56.888+0000] {taskinstance.py:3901} INFO - 1 downstream tasks scheduled from follow-on schedule check
[2026-04-24T20:41:56.890+0000] {local_task_job_runner.py:245} INFO - ::endgroup::
