[2026-04-24T20:56:14.314+0000] {local_task_job_runner.py:123} INFO - ::group::Pre task execution logs
[2026-04-24T20:56:14.322+0000] {taskinstance.py:2614} INFO - Dependencies all met for dep_context=non-requeueable deps ti=<TaskInstance: dag1.wait_file scheduled__2026-04-23T16:00:00+00:00 [queued]>
[2026-04-24T20:56:14.324+0000] {taskinstance.py:2614} INFO - Dependencies all met for dep_context=requeueable deps ti=<TaskInstance: dag1.wait_file scheduled__2026-04-23T16:00:00+00:00 [queued]>
[2026-04-24T20:56:14.324+0000] {taskinstance.py:2867} INFO - Starting attempt 3 of 3
[2026-04-24T20:56:14.411+0000] {taskinstance.py:2890} INFO - Executing <Task(FileSensor): wait_file> on 2026-04-23 16:00:00+00:00
[2026-04-24T20:56:14.416+0000] {warnings.py:112} WARNING - /home/***/.local/lib/python3.12/site-packages/***/task/task_runner/standard_task_runner.py:70: DeprecationWarning: This process (pid=103) is multi-threaded, use of fork() may lead to deadlocks in the child.
  pid = os.fork()

[2026-04-24T20:56:14.416+0000] {standard_task_runner.py:72} INFO - Started process 104 to run task
[2026-04-24T20:56:14.417+0000] {standard_task_runner.py:104} INFO - Running: ['***', 'tasks', 'run', 'dag1', 'wait_file', 'scheduled__2026-04-23T16:00:00+00:00', '--job-id', '239', '--raw', '--subdir', 'DAGS_FOLDER/dag1.py', '--cfg-path', '/tmp/tmp204yg8lz']
[2026-04-24T20:56:14.418+0000] {standard_task_runner.py:105} INFO - Job 239: Subtask wait_file
[2026-04-24T20:56:14.450+0000] {task_command.py:467} INFO - Running <TaskInstance: dag1.wait_file scheduled__2026-04-23T16:00:00+00:00 [running]> on host fed0a0b3e6c1
[2026-04-24T20:56:14.501+0000] {taskinstance.py:3134} INFO - Exporting env vars: AIRFLOW_CTX_DAG_OWNER='***' AIRFLOW_CTX_DAG_ID='dag1' AIRFLOW_CTX_TASK_ID='wait_file' AIRFLOW_CTX_EXECUTION_DATE='2026-04-23T16:00:00+00:00' AIRFLOW_CTX_TRY_NUMBER='3' AIRFLOW_CTX_DAG_RUN_ID='scheduled__2026-04-23T16:00:00+00:00'
[2026-04-24T20:56:14.502+0000] {logging_mixin.py:190} INFO - Task instance is in running state
[2026-04-24T20:56:14.503+0000] {logging_mixin.py:190} INFO -  Previous state of the Task instance: queued
[2026-04-24T20:56:14.503+0000] {logging_mixin.py:190} INFO - Current task name:wait_file state:running start_date:2026-04-24 20:56:14.322403+00:00
[2026-04-24T20:56:14.503+0000] {logging_mixin.py:190} INFO - Dag name:dag1 and current dag run status:running
[2026-04-24T20:56:14.503+0000] {taskinstance.py:732} INFO - ::endgroup::
[2026-04-24T20:56:14.504+0000] {baseoperator.py:423} WARNING - FileSensor.execute cannot be called outside TaskInstance!
[2026-04-24T20:56:14.510+0000] {base.py:84} INFO - Retrieving connection 'fs_default'
[2026-04-24T20:56:14.510+0000] {filesystem.py:109} INFO - Poking for file /tmp/test/record_20260424.txt
[2026-04-24T20:56:14.511+0000] {filesystem.py:113} INFO - Found File /tmp/test/record_20260424.txt last modified: 20260424203900
[2026-04-24T20:56:14.511+0000] {base.py:339} INFO - Success criteria met. Exiting.
[2026-04-24T20:56:14.511+0000] {filesystem.py:109} INFO - Poking for file /tmp/test/record_20260424.txt
[2026-04-24T20:56:14.511+0000] {filesystem.py:113} INFO - Found File /tmp/test/record_20260424.txt last modified: 20260424203900
[2026-04-24T20:56:14.516+0000] {taskinstance.py:341} INFO - ::group::Post task execution logs
[2026-04-24T20:56:14.516+0000] {taskinstance.py:353} INFO - Marking task as SUCCESS. dag_id=dag1, task_id=wait_file, run_id=scheduled__2026-04-23T16:00:00+00:00, execution_date=20260423T160000, start_date=20260424T205614, end_date=20260424T205614
[2026-04-24T20:56:14.524+0000] {logging_mixin.py:190} INFO - Task instance in success state
[2026-04-24T20:56:14.524+0000] {logging_mixin.py:190} INFO -  Previous state of the Task instance: running
[2026-04-24T20:56:14.524+0000] {logging_mixin.py:190} INFO - Dag name:dag1 queued_at:2026-04-24 20:56:12.006364+00:00
[2026-04-24T20:56:14.524+0000] {logging_mixin.py:190} INFO - Task hostname:fed0a0b3e6c1 operator:FileSensor
[2026-04-24T20:56:14.560+0000] {local_task_job_runner.py:266} INFO - Task exited with return code 0
[2026-04-24T20:56:14.571+0000] {taskinstance.py:3901} INFO - 1 downstream tasks scheduled from follow-on schedule check
[2026-04-24T20:56:14.572+0000] {local_task_job_runner.py:245} INFO - ::endgroup::
