[2026-04-24T20:16:36.346+0000] {local_task_job_runner.py:123} INFO - ::group::Pre task execution logs
[2026-04-24T20:16:36.356+0000] {taskinstance.py:2614} INFO - Dependencies all met for dep_context=non-requeueable deps ti=<TaskInstance: dag1.wait_file scheduled__2026-04-23T16:00:00+00:00 [queued]>
[2026-04-24T20:16:36.362+0000] {taskinstance.py:2614} INFO - Dependencies all met for dep_context=requeueable deps ti=<TaskInstance: dag1.wait_file scheduled__2026-04-23T16:00:00+00:00 [queued]>
[2026-04-24T20:16:36.362+0000] {taskinstance.py:2867} INFO - Starting attempt 1 of 1
[2026-04-24T20:16:36.368+0000] {taskinstance.py:2890} INFO - Executing <Task(FileSensor): wait_file> on 2026-04-23 16:00:00+00:00
[2026-04-24T20:16:36.372+0000] {warnings.py:112} WARNING - /home/***/.local/lib/python3.12/site-packages/***/task/task_runner/standard_task_runner.py:70: DeprecationWarning: This process (pid=554) is multi-threaded, use of fork() may lead to deadlocks in the child.
  pid = os.fork()

[2026-04-24T20:16:36.375+0000] {standard_task_runner.py:72} INFO - Started process 562 to run task
[2026-04-24T20:16:36.376+0000] {standard_task_runner.py:104} INFO - Running: ['***', 'tasks', 'run', 'dag1', 'wait_file', 'scheduled__2026-04-23T16:00:00+00:00', '--job-id', '231', '--raw', '--subdir', 'DAGS_FOLDER/dag1.py', '--cfg-path', '/tmp/tmpt4ir61y6']
[2026-04-24T20:16:36.378+0000] {standard_task_runner.py:105} INFO - Job 231: Subtask wait_file
[2026-04-24T20:16:36.872+0000] {task_command.py:467} INFO - Running <TaskInstance: dag1.wait_file scheduled__2026-04-23T16:00:00+00:00 [running]> on host 1d834ccc1a7b
[2026-04-24T20:16:37.124+0000] {taskinstance.py:3134} INFO - Exporting env vars: AIRFLOW_CTX_DAG_OWNER='***' AIRFLOW_CTX_DAG_ID='dag1' AIRFLOW_CTX_TASK_ID='wait_file' AIRFLOW_CTX_EXECUTION_DATE='2026-04-23T16:00:00+00:00' AIRFLOW_CTX_TRY_NUMBER='1' AIRFLOW_CTX_DAG_RUN_ID='scheduled__2026-04-23T16:00:00+00:00'
[2026-04-24T20:16:37.132+0000] {logging_mixin.py:190} INFO - Task instance is in running state
[2026-04-24T20:16:37.133+0000] {logging_mixin.py:190} INFO -  Previous state of the Task instance: queued
[2026-04-24T20:16:37.133+0000] {logging_mixin.py:190} INFO - Current task name:wait_file state:running start_date:2026-04-24 20:16:36.356985+00:00
[2026-04-24T20:16:37.134+0000] {logging_mixin.py:190} INFO - Dag name:dag1 and current dag run status:running
[2026-04-24T20:16:37.135+0000] {taskinstance.py:732} INFO - ::endgroup::
[2026-04-24T20:16:37.136+0000] {baseoperator.py:423} WARNING - FileSensor.execute cannot be called outside TaskInstance!
[2026-04-24T20:16:37.152+0000] {base.py:84} INFO - Retrieving connection 'fs_default'
[2026-04-24T20:16:37.153+0000] {filesystem.py:109} INFO - Poking for file /tmp/test/record_20260424.txt
[2026-04-24T20:16:37.153+0000] {filesystem.py:113} INFO - Found File /tmp/test/record_20260424.txt last modified: 20260424192950
[2026-04-24T20:16:37.154+0000] {base.py:339} INFO - Success criteria met. Exiting.
[2026-04-24T20:16:37.154+0000] {filesystem.py:109} INFO - Poking for file /tmp/test/record_20260424.txt
[2026-04-24T20:16:37.155+0000] {filesystem.py:113} INFO - Found File /tmp/test/record_20260424.txt last modified: 20260424192950
[2026-04-24T20:16:37.169+0000] {taskinstance.py:341} INFO - ::group::Post task execution logs
[2026-04-24T20:16:37.170+0000] {taskinstance.py:353} INFO - Marking task as SUCCESS. dag_id=dag1, task_id=wait_file, run_id=scheduled__2026-04-23T16:00:00+00:00, execution_date=20260423T160000, start_date=20260424T201636, end_date=20260424T201637
[2026-04-24T20:16:37.199+0000] {logging_mixin.py:190} INFO - Task instance in success state
[2026-04-24T20:16:37.200+0000] {logging_mixin.py:190} INFO -  Previous state of the Task instance: running
[2026-04-24T20:16:37.200+0000] {logging_mixin.py:190} INFO - Dag name:dag1 queued_at:2026-04-24 20:16:35.016223+00:00
[2026-04-24T20:16:37.201+0000] {logging_mixin.py:190} INFO - Task hostname:1d834ccc1a7b operator:FileSensor
[2026-04-24T20:16:37.224+0000] {local_task_job_runner.py:266} INFO - Task exited with return code 0
[2026-04-24T20:16:37.597+0000] {taskinstance.py:3901} INFO - 1 downstream tasks scheduled from follow-on schedule check
[2026-04-24T20:16:37.598+0000] {local_task_job_runner.py:245} INFO - ::endgroup::
[2026-04-24T22:02:14.301+0000] {local_task_job_runner.py:123} INFO - ::group::Pre task execution logs
[2026-04-24T22:02:14.312+0000] {taskinstance.py:2614} INFO - Dependencies all met for dep_context=non-requeueable deps ti=<TaskInstance: dag1.wait_file scheduled__2026-04-23T16:00:00+00:00 [queued]>
[2026-04-24T22:02:14.319+0000] {taskinstance.py:2614} INFO - Dependencies all met for dep_context=requeueable deps ti=<TaskInstance: dag1.wait_file scheduled__2026-04-23T16:00:00+00:00 [queued]>
[2026-04-24T22:02:14.319+0000] {taskinstance.py:2867} INFO - Starting attempt 1 of 1
[2026-04-24T22:02:14.328+0000] {taskinstance.py:2890} INFO - Executing <Task(FileSensor): wait_file> on 2026-04-23 16:00:00+00:00
[2026-04-24T22:02:14.336+0000] {warnings.py:112} WARNING - /home/***/.local/lib/python3.12/site-packages/***/task/task_runner/standard_task_runner.py:70: DeprecationWarning: This process (pid=1017) is multi-threaded, use of fork() may lead to deadlocks in the child.
  pid = os.fork()

[2026-04-24T22:02:14.341+0000] {standard_task_runner.py:72} INFO - Started process 1018 to run task
[2026-04-24T22:02:14.341+0000] {standard_task_runner.py:104} INFO - Running: ['***', 'tasks', 'run', 'dag1', 'wait_file', 'scheduled__2026-04-23T16:00:00+00:00', '--job-id', '256', '--raw', '--subdir', 'DAGS_FOLDER/dag1.py', '--cfg-path', '/tmp/tmpg50x2599']
[2026-04-24T22:02:14.341+0000] {standard_task_runner.py:105} INFO - Job 256: Subtask wait_file
[2026-04-24T22:02:14.607+0000] {task_command.py:467} INFO - Running <TaskInstance: dag1.wait_file scheduled__2026-04-23T16:00:00+00:00 [running]> on host fed0a0b3e6c1
[2026-04-24T22:02:14.643+0000] {taskinstance.py:3134} INFO - Exporting env vars: AIRFLOW_CTX_DAG_OWNER='***' AIRFLOW_CTX_DAG_ID='dag1' AIRFLOW_CTX_TASK_ID='wait_file' AIRFLOW_CTX_EXECUTION_DATE='2026-04-23T16:00:00+00:00' AIRFLOW_CTX_TRY_NUMBER='1' AIRFLOW_CTX_DAG_RUN_ID='scheduled__2026-04-23T16:00:00+00:00'
[2026-04-24T22:02:14.644+0000] {logging_mixin.py:190} INFO - Task instance is in running state
[2026-04-24T22:02:14.644+0000] {logging_mixin.py:190} INFO -  Previous state of the Task instance: queued
[2026-04-24T22:02:14.644+0000] {logging_mixin.py:190} INFO - Current task name:wait_file state:running start_date:2026-04-24 22:02:14.312389+00:00
[2026-04-24T22:02:14.644+0000] {logging_mixin.py:190} INFO - Dag name:dag1 and current dag run status:running
[2026-04-24T22:02:14.645+0000] {taskinstance.py:732} INFO - ::endgroup::
[2026-04-24T22:02:14.645+0000] {baseoperator.py:423} WARNING - FileSensor.execute cannot be called outside TaskInstance!
[2026-04-24T22:02:14.648+0000] {base.py:84} INFO - Retrieving connection 'fs_default'
[2026-04-24T22:02:14.648+0000] {filesystem.py:109} INFO - Poking for file /tmp/test/record_20260424.txt
[2026-04-24T22:02:14.649+0000] {filesystem.py:113} INFO - Found File /tmp/test/record_20260424.txt last modified: 20260424212452
[2026-04-24T22:02:14.649+0000] {base.py:339} INFO - Success criteria met. Exiting.
[2026-04-24T22:02:14.649+0000] {filesystem.py:109} INFO - Poking for file /tmp/test/record_20260424.txt
[2026-04-24T22:02:14.649+0000] {filesystem.py:113} INFO - Found File /tmp/test/record_20260424.txt last modified: 20260424212452
[2026-04-24T22:02:14.653+0000] {taskinstance.py:341} INFO - ::group::Post task execution logs
[2026-04-24T22:02:14.653+0000] {taskinstance.py:353} INFO - Marking task as SUCCESS. dag_id=dag1, task_id=wait_file, run_id=scheduled__2026-04-23T16:00:00+00:00, execution_date=20260423T160000, start_date=20260424T220214, end_date=20260424T220214
[2026-04-24T22:02:14.663+0000] {logging_mixin.py:190} INFO - Task instance in success state
[2026-04-24T22:02:14.663+0000] {logging_mixin.py:190} INFO -  Previous state of the Task instance: running
[2026-04-24T22:02:14.663+0000] {logging_mixin.py:190} INFO - Dag name:dag1 queued_at:2026-04-24 22:02:13.147604+00:00
[2026-04-24T22:02:14.663+0000] {logging_mixin.py:190} INFO - Task hostname:fed0a0b3e6c1 operator:FileSensor
[2026-04-24T22:02:14.691+0000] {local_task_job_runner.py:266} INFO - Task exited with return code 0
[2026-04-24T22:02:14.826+0000] {taskinstance.py:3901} INFO - 1 downstream tasks scheduled from follow-on schedule check
[2026-04-24T22:02:14.826+0000] {local_task_job_runner.py:245} INFO - ::endgroup::
[2026-04-24T22:18:31.161+0000] {local_task_job_runner.py:123} INFO - ::group::Pre task execution logs
[2026-04-24T22:18:31.174+0000] {taskinstance.py:2614} INFO - Dependencies all met for dep_context=non-requeueable deps ti=<TaskInstance: dag1.wait_file scheduled__2026-04-23T16:00:00+00:00 [queued]>
[2026-04-24T22:18:31.182+0000] {taskinstance.py:2614} INFO - Dependencies all met for dep_context=requeueable deps ti=<TaskInstance: dag1.wait_file scheduled__2026-04-23T16:00:00+00:00 [queued]>
[2026-04-24T22:18:31.183+0000] {taskinstance.py:2867} INFO - Starting attempt 1 of 1
[2026-04-24T22:18:31.193+0000] {taskinstance.py:2890} INFO - Executing <Task(FileSensor): wait_file> on 2026-04-23 16:00:00+00:00
[2026-04-24T22:18:31.198+0000] {warnings.py:112} WARNING - /home/***/.local/lib/python3.12/site-packages/***/task/task_runner/standard_task_runner.py:70: DeprecationWarning: This process (pid=1274) is multi-threaded, use of fork() may lead to deadlocks in the child.
  pid = os.fork()

[2026-04-24T22:18:31.199+0000] {standard_task_runner.py:72} INFO - Started process 1278 to run task
[2026-04-24T22:18:31.201+0000] {standard_task_runner.py:104} INFO - Running: ['***', 'tasks', 'run', 'dag1', 'wait_file', 'scheduled__2026-04-23T16:00:00+00:00', '--job-id', '263', '--raw', '--subdir', 'DAGS_FOLDER/dag1.py', '--cfg-path', '/tmp/tmpf3atuq8b']
[2026-04-24T22:18:31.201+0000] {standard_task_runner.py:105} INFO - Job 263: Subtask wait_file
[2026-04-24T22:18:31.691+0000] {task_command.py:467} INFO - Running <TaskInstance: dag1.wait_file scheduled__2026-04-23T16:00:00+00:00 [running]> on host fed0a0b3e6c1
[2026-04-24T22:18:31.770+0000] {taskinstance.py:3134} INFO - Exporting env vars: AIRFLOW_CTX_DAG_OWNER='***' AIRFLOW_CTX_DAG_ID='dag1' AIRFLOW_CTX_TASK_ID='wait_file' AIRFLOW_CTX_EXECUTION_DATE='2026-04-23T16:00:00+00:00' AIRFLOW_CTX_TRY_NUMBER='1' AIRFLOW_CTX_DAG_RUN_ID='scheduled__2026-04-23T16:00:00+00:00'
[2026-04-24T22:18:31.771+0000] {logging_mixin.py:190} INFO - Task instance is in running state
[2026-04-24T22:18:31.771+0000] {logging_mixin.py:190} INFO -  Previous state of the Task instance: queued
[2026-04-24T22:18:31.772+0000] {logging_mixin.py:190} INFO - Current task name:wait_file state:running start_date:2026-04-24 22:18:31.174884+00:00
[2026-04-24T22:18:31.772+0000] {logging_mixin.py:190} INFO - Dag name:dag1 and current dag run status:running
[2026-04-24T22:18:31.772+0000] {taskinstance.py:732} INFO - ::endgroup::
[2026-04-24T22:18:31.772+0000] {baseoperator.py:423} WARNING - FileSensor.execute cannot be called outside TaskInstance!
[2026-04-24T22:18:31.779+0000] {base.py:84} INFO - Retrieving connection 'fs_default'
[2026-04-24T22:18:31.779+0000] {filesystem.py:109} INFO - Poking for file /tmp/test/record_20260424.txt
[2026-04-24T22:19:31.784+0000] {filesystem.py:109} INFO - Poking for file /tmp/test/record_20260424.txt
[2026-04-24T22:20:31.790+0000] {filesystem.py:109} INFO - Poking for file /tmp/test/record_20260424.txt
[2026-04-24T22:21:31.805+0000] {filesystem.py:109} INFO - Poking for file /tmp/test/record_20260424.txt
[2026-04-24T22:22:31.835+0000] {filesystem.py:109} INFO - Poking for file /tmp/test/record_20260424.txt
[2026-04-24T22:23:31.841+0000] {filesystem.py:109} INFO - Poking for file /tmp/test/record_20260424.txt
[2026-04-24T22:23:31.846+0000] {filesystem.py:113} INFO - Found File /tmp/test/record_20260424.txt last modified: 20260424222308
[2026-04-24T22:23:31.847+0000] {base.py:339} INFO - Success criteria met. Exiting.
[2026-04-24T22:23:31.849+0000] {filesystem.py:109} INFO - Poking for file /tmp/test/record_20260424.txt
[2026-04-24T22:23:31.849+0000] {filesystem.py:113} INFO - Found File /tmp/test/record_20260424.txt last modified: 20260424222308
[2026-04-24T22:23:31.868+0000] {taskinstance.py:341} INFO - ::group::Post task execution logs
[2026-04-24T22:23:31.868+0000] {taskinstance.py:353} INFO - Marking task as SUCCESS. dag_id=dag1, task_id=wait_file, run_id=scheduled__2026-04-23T16:00:00+00:00, execution_date=20260423T160000, start_date=20260424T221831, end_date=20260424T222331
[2026-04-24T22:23:31.881+0000] {logging_mixin.py:190} INFO - Task instance in success state
[2026-04-24T22:23:31.881+0000] {logging_mixin.py:190} INFO -  Previous state of the Task instance: running
[2026-04-24T22:23:31.882+0000] {logging_mixin.py:190} INFO - Dag name:dag1 queued_at:2026-04-24 22:18:29.930236+00:00
[2026-04-24T22:23:31.882+0000] {logging_mixin.py:190} INFO - Task hostname:fed0a0b3e6c1 operator:FileSensor
[2026-04-24T22:23:31.923+0000] {local_task_job_runner.py:266} INFO - Task exited with return code 0
[2026-04-24T22:23:31.985+0000] {taskinstance.py:3901} INFO - 1 downstream tasks scheduled from follow-on schedule check
[2026-04-24T22:23:31.986+0000] {local_task_job_runner.py:245} INFO - ::endgroup::
[2026-04-24T22:25:10.891+0000] {local_task_job_runner.py:123} INFO - ::group::Pre task execution logs
[2026-04-24T22:25:10.900+0000] {taskinstance.py:2614} INFO - Dependencies all met for dep_context=non-requeueable deps ti=<TaskInstance: dag1.wait_file scheduled__2026-04-23T16:00:00+00:00 [queued]>
[2026-04-24T22:25:10.905+0000] {taskinstance.py:2614} INFO - Dependencies all met for dep_context=requeueable deps ti=<TaskInstance: dag1.wait_file scheduled__2026-04-23T16:00:00+00:00 [queued]>
[2026-04-24T22:25:10.905+0000] {taskinstance.py:2867} INFO - Starting attempt 1 of 1
[2026-04-24T22:25:10.918+0000] {taskinstance.py:2890} INFO - Executing <Task(FileSensor): wait_file> on 2026-04-23 16:00:00+00:00
[2026-04-24T22:25:10.923+0000] {warnings.py:112} WARNING - /home/***/.local/lib/python3.12/site-packages/***/task/task_runner/standard_task_runner.py:70: DeprecationWarning: This process (pid=1384) is multi-threaded, use of fork() may lead to deadlocks in the child.
  pid = os.fork()

[2026-04-24T22:25:10.925+0000] {standard_task_runner.py:72} INFO - Started process 1386 to run task
[2026-04-24T22:25:10.926+0000] {standard_task_runner.py:104} INFO - Running: ['***', 'tasks', 'run', 'dag1', 'wait_file', 'scheduled__2026-04-23T16:00:00+00:00', '--job-id', '269', '--raw', '--subdir', 'DAGS_FOLDER/dag1.py', '--cfg-path', '/tmp/tmpi7kvd_7q']
[2026-04-24T22:25:10.927+0000] {standard_task_runner.py:105} INFO - Job 269: Subtask wait_file
[2026-04-24T22:25:11.158+0000] {task_command.py:467} INFO - Running <TaskInstance: dag1.wait_file scheduled__2026-04-23T16:00:00+00:00 [running]> on host fed0a0b3e6c1
[2026-04-24T22:25:11.219+0000] {taskinstance.py:3134} INFO - Exporting env vars: AIRFLOW_CTX_DAG_OWNER='***' AIRFLOW_CTX_DAG_ID='dag1' AIRFLOW_CTX_TASK_ID='wait_file' AIRFLOW_CTX_EXECUTION_DATE='2026-04-23T16:00:00+00:00' AIRFLOW_CTX_TRY_NUMBER='1' AIRFLOW_CTX_DAG_RUN_ID='scheduled__2026-04-23T16:00:00+00:00'
[2026-04-24T22:25:11.220+0000] {logging_mixin.py:190} INFO - Task instance is in running state
[2026-04-24T22:25:11.221+0000] {logging_mixin.py:190} INFO -  Previous state of the Task instance: queued
[2026-04-24T22:25:11.221+0000] {logging_mixin.py:190} INFO - Current task name:wait_file state:running start_date:2026-04-24 22:25:10.900747+00:00
[2026-04-24T22:25:11.222+0000] {logging_mixin.py:190} INFO - Dag name:dag1 and current dag run status:running
[2026-04-24T22:25:11.222+0000] {taskinstance.py:732} INFO - ::endgroup::
[2026-04-24T22:25:11.223+0000] {baseoperator.py:423} WARNING - FileSensor.execute cannot be called outside TaskInstance!
[2026-04-24T22:25:11.238+0000] {base.py:84} INFO - Retrieving connection 'fs_default'
[2026-04-24T22:25:11.239+0000] {filesystem.py:109} INFO - Poking for file /tmp/test/record_20260424.txt
[2026-04-24T22:25:11.240+0000] {filesystem.py:113} INFO - Found File /tmp/test/record_20260424.txt last modified: 20260424222337
[2026-04-24T22:25:11.241+0000] {base.py:339} INFO - Success criteria met. Exiting.
[2026-04-24T22:25:11.242+0000] {filesystem.py:109} INFO - Poking for file /tmp/test/record_20260424.txt
[2026-04-24T22:25:11.243+0000] {filesystem.py:113} INFO - Found File /tmp/test/record_20260424.txt last modified: 20260424222337
[2026-04-24T22:25:11.256+0000] {taskinstance.py:341} INFO - ::group::Post task execution logs
[2026-04-24T22:25:11.256+0000] {taskinstance.py:353} INFO - Marking task as SUCCESS. dag_id=dag1, task_id=wait_file, run_id=scheduled__2026-04-23T16:00:00+00:00, execution_date=20260423T160000, start_date=20260424T222510, end_date=20260424T222511
[2026-04-24T22:25:11.287+0000] {logging_mixin.py:190} INFO - Task instance in success state
[2026-04-24T22:25:11.288+0000] {logging_mixin.py:190} INFO -  Previous state of the Task instance: running
[2026-04-24T22:25:11.288+0000] {logging_mixin.py:190} INFO - Dag name:dag1 queued_at:2026-04-24 22:25:10.063904+00:00
[2026-04-24T22:25:11.289+0000] {logging_mixin.py:190} INFO - Task hostname:fed0a0b3e6c1 operator:FileSensor
[2026-04-24T22:25:11.310+0000] {local_task_job_runner.py:266} INFO - Task exited with return code 0
[2026-04-24T22:25:11.479+0000] {taskinstance.py:3901} INFO - 1 downstream tasks scheduled from follow-on schedule check
[2026-04-24T22:25:11.480+0000] {local_task_job_runner.py:245} INFO - ::endgroup::
