[2026-04-24T20:16:40.671+0000] {local_task_job_runner.py:123} INFO - ::group::Pre task execution logs
[2026-04-24T20:16:40.682+0000] {taskinstance.py:2614} INFO - Dependencies all met for dep_context=non-requeueable deps ti=<TaskInstance: dag1.move_file scheduled__2026-04-23T16:00:00+00:00 [queued]>
[2026-04-24T20:16:40.689+0000] {taskinstance.py:2614} INFO - Dependencies all met for dep_context=requeueable deps ti=<TaskInstance: dag1.move_file scheduled__2026-04-23T16:00:00+00:00 [queued]>
[2026-04-24T20:16:40.689+0000] {taskinstance.py:2867} INFO - Starting attempt 1 of 1
[2026-04-24T20:16:40.794+0000] {taskinstance.py:2890} INFO - Executing <Task(BashOperator): move_file> on 2026-04-23 16:00:00+00:00
[2026-04-24T20:16:40.798+0000] {warnings.py:112} WARNING - /home/***/.local/lib/python3.12/site-packages/***/task/task_runner/standard_task_runner.py:70: DeprecationWarning: This process (pid=567) is multi-threaded, use of fork() may lead to deadlocks in the child.
  pid = os.fork()

[2026-04-24T20:16:40.799+0000] {standard_task_runner.py:72} INFO - Started process 568 to run task
[2026-04-24T20:16:40.799+0000] {standard_task_runner.py:104} INFO - Running: ['***', 'tasks', 'run', 'dag1', 'move_file', 'scheduled__2026-04-23T16:00:00+00:00', '--job-id', '233', '--raw', '--subdir', 'DAGS_FOLDER/dag1.py', '--cfg-path', '/tmp/tmp0z5huj1z']
[2026-04-24T20:16:40.800+0000] {standard_task_runner.py:105} INFO - Job 233: Subtask move_file
[2026-04-24T20:16:40.828+0000] {task_command.py:467} INFO - Running <TaskInstance: dag1.move_file scheduled__2026-04-23T16:00:00+00:00 [running]> on host 1d834ccc1a7b
[2026-04-24T20:16:40.863+0000] {taskinstance.py:3134} INFO - Exporting env vars: AIRFLOW_CTX_DAG_OWNER='***' AIRFLOW_CTX_DAG_ID='dag1' AIRFLOW_CTX_TASK_ID='move_file' AIRFLOW_CTX_EXECUTION_DATE='2026-04-23T16:00:00+00:00' AIRFLOW_CTX_TRY_NUMBER='1' AIRFLOW_CTX_DAG_RUN_ID='scheduled__2026-04-23T16:00:00+00:00'
[2026-04-24T20:16:40.864+0000] {logging_mixin.py:190} INFO - Task instance is in running state
[2026-04-24T20:16:40.864+0000] {logging_mixin.py:190} INFO -  Previous state of the Task instance: queued
[2026-04-24T20:16:40.864+0000] {logging_mixin.py:190} INFO - Current task name:move_file state:running start_date:2026-04-24 20:16:40.683005+00:00
[2026-04-24T20:16:40.864+0000] {logging_mixin.py:190} INFO - Dag name:dag1 and current dag run status:running
[2026-04-24T20:16:40.864+0000] {taskinstance.py:732} INFO - ::endgroup::
[2026-04-24T20:16:40.865+0000] {subprocess.py:78} INFO - Tmp dir root location: /tmp
[2026-04-24T20:16:40.865+0000] {subprocess.py:88} INFO - Running command: ['/usr/bin/bash', '-c', 'mv /tmp/test/record_20260424.txt /tmp/success/']
[2026-04-24T20:16:40.870+0000] {subprocess.py:99} INFO - Output:
[2026-04-24T20:16:40.875+0000] {subprocess.py:110} INFO - Command exited with return code 0
[2026-04-24T20:16:40.886+0000] {taskinstance.py:341} INFO - ::group::Post task execution logs
[2026-04-24T20:16:40.887+0000] {taskinstance.py:353} INFO - Marking task as SUCCESS. dag_id=dag1, task_id=move_file, run_id=scheduled__2026-04-23T16:00:00+00:00, execution_date=20260423T160000, start_date=20260424T201640, end_date=20260424T201640
[2026-04-24T20:16:40.899+0000] {logging_mixin.py:190} INFO - Task instance in success state
[2026-04-24T20:16:40.899+0000] {logging_mixin.py:190} INFO -  Previous state of the Task instance: running
[2026-04-24T20:16:40.899+0000] {logging_mixin.py:190} INFO - Dag name:dag1 queued_at:2026-04-24 20:16:35.016223+00:00
[2026-04-24T20:16:40.899+0000] {logging_mixin.py:190} INFO - Task hostname:1d834ccc1a7b operator:BashOperator
[2026-04-24T20:16:40.906+0000] {local_task_job_runner.py:266} INFO - Task exited with return code 0
[2026-04-24T20:16:40.913+0000] {taskinstance.py:3901} INFO - 0 downstream tasks scheduled from follow-on schedule check
[2026-04-24T20:16:40.914+0000] {local_task_job_runner.py:245} INFO - ::endgroup::
[2026-04-24T22:02:18.091+0000] {local_task_job_runner.py:123} INFO - ::group::Pre task execution logs
[2026-04-24T22:02:18.103+0000] {taskinstance.py:2614} INFO - Dependencies all met for dep_context=non-requeueable deps ti=<TaskInstance: dag1.move_file scheduled__2026-04-23T16:00:00+00:00 [queued]>
[2026-04-24T22:02:18.111+0000] {taskinstance.py:2614} INFO - Dependencies all met for dep_context=requeueable deps ti=<TaskInstance: dag1.move_file scheduled__2026-04-23T16:00:00+00:00 [queued]>
[2026-04-24T22:02:18.112+0000] {taskinstance.py:2867} INFO - Starting attempt 1 of 1
[2026-04-24T22:02:18.225+0000] {taskinstance.py:2890} INFO - Executing <Task(BashOperator): move_file> on 2026-04-23 16:00:00+00:00
[2026-04-24T22:02:18.230+0000] {warnings.py:112} WARNING - /home/***/.local/lib/python3.12/site-packages/***/task/task_runner/standard_task_runner.py:70: DeprecationWarning: This process (pid=1029) is multi-threaded, use of fork() may lead to deadlocks in the child.
  pid = os.fork()

[2026-04-24T22:02:18.232+0000] {standard_task_runner.py:72} INFO - Started process 1032 to run task
[2026-04-24T22:02:18.233+0000] {standard_task_runner.py:104} INFO - Running: ['***', 'tasks', 'run', 'dag1', 'move_file', 'scheduled__2026-04-23T16:00:00+00:00', '--job-id', '261', '--raw', '--subdir', 'DAGS_FOLDER/dag1.py', '--cfg-path', '/tmp/tmpgkd5czcb']
[2026-04-24T22:02:18.234+0000] {standard_task_runner.py:105} INFO - Job 261: Subtask move_file
[2026-04-24T22:02:18.259+0000] {task_command.py:467} INFO - Running <TaskInstance: dag1.move_file scheduled__2026-04-23T16:00:00+00:00 [running]> on host fed0a0b3e6c1
[2026-04-24T22:02:18.289+0000] {taskinstance.py:3134} INFO - Exporting env vars: AIRFLOW_CTX_DAG_OWNER='***' AIRFLOW_CTX_DAG_ID='dag1' AIRFLOW_CTX_TASK_ID='move_file' AIRFLOW_CTX_EXECUTION_DATE='2026-04-23T16:00:00+00:00' AIRFLOW_CTX_TRY_NUMBER='1' AIRFLOW_CTX_DAG_RUN_ID='scheduled__2026-04-23T16:00:00+00:00'
[2026-04-24T22:02:18.290+0000] {logging_mixin.py:190} INFO - Task instance is in running state
[2026-04-24T22:02:18.290+0000] {logging_mixin.py:190} INFO -  Previous state of the Task instance: queued
[2026-04-24T22:02:18.290+0000] {logging_mixin.py:190} INFO - Current task name:move_file state:running start_date:2026-04-24 22:02:18.103678+00:00
[2026-04-24T22:02:18.290+0000] {logging_mixin.py:190} INFO - Dag name:dag1 and current dag run status:running
[2026-04-24T22:02:18.290+0000] {taskinstance.py:732} INFO - ::endgroup::
[2026-04-24T22:02:18.290+0000] {subprocess.py:78} INFO - Tmp dir root location: /tmp
[2026-04-24T22:02:18.291+0000] {subprocess.py:88} INFO - Running command: ['/usr/bin/bash', '-c', 'mv /tmp/test/record_20260424.txt /tmp/success/']
[2026-04-24T22:02:18.298+0000] {subprocess.py:99} INFO - Output:
[2026-04-24T22:02:18.306+0000] {subprocess.py:110} INFO - Command exited with return code 0
[2026-04-24T22:02:18.316+0000] {taskinstance.py:341} INFO - ::group::Post task execution logs
[2026-04-24T22:02:18.316+0000] {taskinstance.py:353} INFO - Marking task as SUCCESS. dag_id=dag1, task_id=move_file, run_id=scheduled__2026-04-23T16:00:00+00:00, execution_date=20260423T160000, start_date=20260424T220218, end_date=20260424T220218
[2026-04-24T22:02:18.323+0000] {logging_mixin.py:190} INFO - Task instance in success state
[2026-04-24T22:02:18.323+0000] {logging_mixin.py:190} INFO -  Previous state of the Task instance: running
[2026-04-24T22:02:18.324+0000] {logging_mixin.py:190} INFO - Dag name:dag1 queued_at:2026-04-24 22:02:13.147604+00:00
[2026-04-24T22:02:18.324+0000] {logging_mixin.py:190} INFO - Task hostname:fed0a0b3e6c1 operator:BashOperator
[2026-04-24T22:02:18.331+0000] {local_task_job_runner.py:266} INFO - Task exited with return code 0
[2026-04-24T22:02:18.337+0000] {taskinstance.py:3901} INFO - 0 downstream tasks scheduled from follow-on schedule check
[2026-04-24T22:02:18.338+0000] {local_task_job_runner.py:245} INFO - ::endgroup::
