[2026-04-24T22:02:14.309+0000] {local_task_job_runner.py:123} INFO - ::group::Pre task execution logs
[2026-04-24T22:02:14.317+0000] {taskinstance.py:2614} INFO - Dependencies all met for dep_context=non-requeueable deps ti=<TaskInstance: dag1.wait_file scheduled__2026-04-22T16:00:00+00:00 [queued]>
[2026-04-24T22:02:14.323+0000] {taskinstance.py:2614} INFO - Dependencies all met for dep_context=requeueable deps ti=<TaskInstance: dag1.wait_file scheduled__2026-04-22T16:00:00+00:00 [queued]>
[2026-04-24T22:02:14.323+0000] {taskinstance.py:2867} INFO - Starting attempt 1 of 1
[2026-04-24T22:02:14.334+0000] {taskinstance.py:2890} INFO - Executing <Task(FileSensor): wait_file> on 2026-04-22 16:00:00+00:00
[2026-04-24T22:02:14.340+0000] {warnings.py:112} WARNING - /home/***/.local/lib/python3.12/site-packages/***/task/task_runner/standard_task_runner.py:70: DeprecationWarning: This process (pid=1016) is multi-threaded, use of fork() may lead to deadlocks in the child.
  pid = os.fork()

[2026-04-24T22:02:14.342+0000] {standard_task_runner.py:72} INFO - Started process 1019 to run task
[2026-04-24T22:02:14.342+0000] {standard_task_runner.py:104} INFO - Running: ['***', 'tasks', 'run', 'dag1', 'wait_file', 'scheduled__2026-04-22T16:00:00+00:00', '--job-id', '257', '--raw', '--subdir', 'DAGS_FOLDER/dag1.py', '--cfg-path', '/tmp/tmpo0w_1j09']
[2026-04-24T22:02:14.343+0000] {standard_task_runner.py:105} INFO - Job 257: Subtask wait_file
[2026-04-24T22:02:14.606+0000] {task_command.py:467} INFO - Running <TaskInstance: dag1.wait_file scheduled__2026-04-22T16:00:00+00:00 [running]> on host fed0a0b3e6c1
[2026-04-24T22:02:14.644+0000] {taskinstance.py:3134} INFO - Exporting env vars: AIRFLOW_CTX_DAG_OWNER='***' AIRFLOW_CTX_DAG_ID='dag1' AIRFLOW_CTX_TASK_ID='wait_file' AIRFLOW_CTX_EXECUTION_DATE='2026-04-22T16:00:00+00:00' AIRFLOW_CTX_TRY_NUMBER='1' AIRFLOW_CTX_DAG_RUN_ID='scheduled__2026-04-22T16:00:00+00:00'
[2026-04-24T22:02:14.644+0000] {logging_mixin.py:190} INFO - Task instance is in running state
[2026-04-24T22:02:14.645+0000] {logging_mixin.py:190} INFO -  Previous state of the Task instance: queued
[2026-04-24T22:02:14.645+0000] {logging_mixin.py:190} INFO - Current task name:wait_file state:running start_date:2026-04-24 22:02:14.318165+00:00
[2026-04-24T22:02:14.645+0000] {logging_mixin.py:190} INFO - Dag name:dag1 and current dag run status:running
[2026-04-24T22:02:14.645+0000] {taskinstance.py:732} INFO - ::endgroup::
[2026-04-24T22:02:14.645+0000] {baseoperator.py:423} WARNING - FileSensor.execute cannot be called outside TaskInstance!
[2026-04-24T22:02:14.648+0000] {base.py:84} INFO - Retrieving connection 'fs_default'
[2026-04-24T22:02:14.648+0000] {filesystem.py:109} INFO - Poking for file /tmp/test/record_20260423.txt
[2026-04-24T22:02:14.649+0000] {filesystem.py:113} INFO - Found File /tmp/test/record_20260423.txt last modified: 20260424205424
[2026-04-24T22:02:14.649+0000] {base.py:339} INFO - Success criteria met. Exiting.
[2026-04-24T22:02:14.649+0000] {filesystem.py:109} INFO - Poking for file /tmp/test/record_20260423.txt
[2026-04-24T22:02:14.649+0000] {filesystem.py:113} INFO - Found File /tmp/test/record_20260423.txt last modified: 20260424205424
[2026-04-24T22:02:14.653+0000] {taskinstance.py:341} INFO - ::group::Post task execution logs
[2026-04-24T22:02:14.653+0000] {taskinstance.py:353} INFO - Marking task as SUCCESS. dag_id=dag1, task_id=wait_file, run_id=scheduled__2026-04-22T16:00:00+00:00, execution_date=20260422T160000, start_date=20260424T220214, end_date=20260424T220214
[2026-04-24T22:02:14.663+0000] {logging_mixin.py:190} INFO - Task instance in success state
[2026-04-24T22:02:14.663+0000] {logging_mixin.py:190} INFO -  Previous state of the Task instance: running
[2026-04-24T22:02:14.664+0000] {logging_mixin.py:190} INFO - Dag name:dag1 queued_at:2026-04-24 22:02:13.083229+00:00
[2026-04-24T22:02:14.664+0000] {logging_mixin.py:190} INFO - Task hostname:fed0a0b3e6c1 operator:FileSensor
[2026-04-24T22:02:14.688+0000] {local_task_job_runner.py:266} INFO - Task exited with return code 0
[2026-04-24T22:02:14.825+0000] {taskinstance.py:3901} INFO - 1 downstream tasks scheduled from follow-on schedule check
[2026-04-24T22:02:14.826+0000] {local_task_job_runner.py:245} INFO - ::endgroup::
[2026-04-24T22:18:31.114+0000] {local_task_job_runner.py:123} INFO - ::group::Pre task execution logs
[2026-04-24T22:18:31.128+0000] {taskinstance.py:2614} INFO - Dependencies all met for dep_context=non-requeueable deps ti=<TaskInstance: dag1.wait_file scheduled__2026-04-22T16:00:00+00:00 [queued]>
[2026-04-24T22:18:31.134+0000] {taskinstance.py:2614} INFO - Dependencies all met for dep_context=requeueable deps ti=<TaskInstance: dag1.wait_file scheduled__2026-04-22T16:00:00+00:00 [queued]>
[2026-04-24T22:18:31.135+0000] {taskinstance.py:2867} INFO - Starting attempt 1 of 1
[2026-04-24T22:18:31.152+0000] {taskinstance.py:2890} INFO - Executing <Task(FileSensor): wait_file> on 2026-04-22 16:00:00+00:00
[2026-04-24T22:18:31.159+0000] {warnings.py:112} WARNING - /home/***/.local/lib/python3.12/site-packages/***/task/task_runner/standard_task_runner.py:70: DeprecationWarning: This process (pid=1267) is multi-threaded, use of fork() may lead to deadlocks in the child.
  pid = os.fork()

[2026-04-24T22:18:31.161+0000] {standard_task_runner.py:72} INFO - Started process 1276 to run task
[2026-04-24T22:18:31.163+0000] {standard_task_runner.py:104} INFO - Running: ['***', 'tasks', 'run', 'dag1', 'wait_file', 'scheduled__2026-04-22T16:00:00+00:00', '--job-id', '262', '--raw', '--subdir', 'DAGS_FOLDER/dag1.py', '--cfg-path', '/tmp/tmpx6w70clb']
[2026-04-24T22:18:31.164+0000] {standard_task_runner.py:105} INFO - Job 262: Subtask wait_file
[2026-04-24T22:18:31.682+0000] {task_command.py:467} INFO - Running <TaskInstance: dag1.wait_file scheduled__2026-04-22T16:00:00+00:00 [running]> on host fed0a0b3e6c1
[2026-04-24T22:18:31.770+0000] {taskinstance.py:3134} INFO - Exporting env vars: AIRFLOW_CTX_DAG_OWNER='***' AIRFLOW_CTX_DAG_ID='dag1' AIRFLOW_CTX_TASK_ID='wait_file' AIRFLOW_CTX_EXECUTION_DATE='2026-04-22T16:00:00+00:00' AIRFLOW_CTX_TRY_NUMBER='1' AIRFLOW_CTX_DAG_RUN_ID='scheduled__2026-04-22T16:00:00+00:00'
[2026-04-24T22:18:31.771+0000] {logging_mixin.py:190} INFO - Task instance is in running state
[2026-04-24T22:18:31.771+0000] {logging_mixin.py:190} INFO -  Previous state of the Task instance: queued
[2026-04-24T22:18:31.771+0000] {logging_mixin.py:190} INFO - Current task name:wait_file state:running start_date:2026-04-24 22:18:31.129111+00:00
[2026-04-24T22:18:31.772+0000] {logging_mixin.py:190} INFO - Dag name:dag1 and current dag run status:running
[2026-04-24T22:18:31.772+0000] {taskinstance.py:732} INFO - ::endgroup::
[2026-04-24T22:18:31.772+0000] {baseoperator.py:423} WARNING - FileSensor.execute cannot be called outside TaskInstance!
[2026-04-24T22:18:31.780+0000] {base.py:84} INFO - Retrieving connection 'fs_default'
[2026-04-24T22:18:31.781+0000] {filesystem.py:109} INFO - Poking for file /tmp/test/record_20260423.txt
[2026-04-24T22:18:31.781+0000] {filesystem.py:113} INFO - Found File /tmp/test/record_20260423.txt last modified: 20260424221744
[2026-04-24T22:18:31.781+0000] {base.py:339} INFO - Success criteria met. Exiting.
[2026-04-24T22:18:31.781+0000] {filesystem.py:109} INFO - Poking for file /tmp/test/record_20260423.txt
[2026-04-24T22:18:31.781+0000] {filesystem.py:113} INFO - Found File /tmp/test/record_20260423.txt last modified: 20260424221744
[2026-04-24T22:18:31.786+0000] {taskinstance.py:341} INFO - ::group::Post task execution logs
[2026-04-24T22:18:31.786+0000] {taskinstance.py:353} INFO - Marking task as SUCCESS. dag_id=dag1, task_id=wait_file, run_id=scheduled__2026-04-22T16:00:00+00:00, execution_date=20260422T160000, start_date=20260424T221831, end_date=20260424T221831
[2026-04-24T22:18:31.795+0000] {logging_mixin.py:190} INFO - Task instance in success state
[2026-04-24T22:18:31.795+0000] {logging_mixin.py:190} INFO -  Previous state of the Task instance: running
[2026-04-24T22:18:31.796+0000] {logging_mixin.py:190} INFO - Dag name:dag1 queued_at:2026-04-24 22:18:29.854299+00:00
[2026-04-24T22:18:31.796+0000] {logging_mixin.py:190} INFO - Task hostname:fed0a0b3e6c1 operator:FileSensor
[2026-04-24T22:18:31.849+0000] {local_task_job_runner.py:266} INFO - Task exited with return code 0
[2026-04-24T22:18:32.116+0000] {taskinstance.py:3901} INFO - 1 downstream tasks scheduled from follow-on schedule check
[2026-04-24T22:18:32.117+0000] {local_task_job_runner.py:245} INFO - ::endgroup::
[2026-04-24T22:25:10.888+0000] {local_task_job_runner.py:123} INFO - ::group::Pre task execution logs
[2026-04-24T22:25:10.896+0000] {taskinstance.py:2614} INFO - Dependencies all met for dep_context=non-requeueable deps ti=<TaskInstance: dag1.wait_file scheduled__2026-04-22T16:00:00+00:00 [queued]>
[2026-04-24T22:25:10.900+0000] {taskinstance.py:2614} INFO - Dependencies all met for dep_context=requeueable deps ti=<TaskInstance: dag1.wait_file scheduled__2026-04-22T16:00:00+00:00 [queued]>
[2026-04-24T22:25:10.900+0000] {taskinstance.py:2867} INFO - Starting attempt 1 of 1
[2026-04-24T22:25:10.907+0000] {taskinstance.py:2890} INFO - Executing <Task(FileSensor): wait_file> on 2026-04-22 16:00:00+00:00
[2026-04-24T22:25:10.914+0000] {warnings.py:112} WARNING - /home/***/.local/lib/python3.12/site-packages/***/task/task_runner/standard_task_runner.py:70: DeprecationWarning: This process (pid=1383) is multi-threaded, use of fork() may lead to deadlocks in the child.
  pid = os.fork()

[2026-04-24T22:25:10.916+0000] {standard_task_runner.py:104} INFO - Running: ['***', 'tasks', 'run', 'dag1', 'wait_file', 'scheduled__2026-04-22T16:00:00+00:00', '--job-id', '268', '--raw', '--subdir', 'DAGS_FOLDER/dag1.py', '--cfg-path', '/tmp/tmpfzq7b3ug']
[2026-04-24T22:25:10.921+0000] {standard_task_runner.py:72} INFO - Started process 1385 to run task
[2026-04-24T22:25:10.921+0000] {standard_task_runner.py:105} INFO - Job 268: Subtask wait_file
[2026-04-24T22:25:11.158+0000] {task_command.py:467} INFO - Running <TaskInstance: dag1.wait_file scheduled__2026-04-22T16:00:00+00:00 [running]> on host fed0a0b3e6c1
[2026-04-24T22:25:11.219+0000] {taskinstance.py:3134} INFO - Exporting env vars: AIRFLOW_CTX_DAG_OWNER='***' AIRFLOW_CTX_DAG_ID='dag1' AIRFLOW_CTX_TASK_ID='wait_file' AIRFLOW_CTX_EXECUTION_DATE='2026-04-22T16:00:00+00:00' AIRFLOW_CTX_TRY_NUMBER='1' AIRFLOW_CTX_DAG_RUN_ID='scheduled__2026-04-22T16:00:00+00:00'
[2026-04-24T22:25:11.220+0000] {logging_mixin.py:190} INFO - Task instance is in running state
[2026-04-24T22:25:11.221+0000] {logging_mixin.py:190} INFO -  Previous state of the Task instance: queued
[2026-04-24T22:25:11.221+0000] {logging_mixin.py:190} INFO - Current task name:wait_file state:running start_date:2026-04-24 22:25:10.896658+00:00
[2026-04-24T22:25:11.221+0000] {logging_mixin.py:190} INFO - Dag name:dag1 and current dag run status:running
[2026-04-24T22:25:11.221+0000] {taskinstance.py:732} INFO - ::endgroup::
[2026-04-24T22:25:11.222+0000] {baseoperator.py:423} WARNING - FileSensor.execute cannot be called outside TaskInstance!
[2026-04-24T22:25:11.238+0000] {base.py:84} INFO - Retrieving connection 'fs_default'
[2026-04-24T22:25:11.241+0000] {filesystem.py:109} INFO - Poking for file /tmp/test/record_20260423.txt
[2026-04-24T22:25:11.242+0000] {filesystem.py:113} INFO - Found File /tmp/test/record_20260423.txt last modified: 20260424222358
[2026-04-24T22:25:11.243+0000] {base.py:339} INFO - Success criteria met. Exiting.
[2026-04-24T22:25:11.243+0000] {filesystem.py:109} INFO - Poking for file /tmp/test/record_20260423.txt
[2026-04-24T22:25:11.244+0000] {filesystem.py:113} INFO - Found File /tmp/test/record_20260423.txt last modified: 20260424222358
[2026-04-24T22:25:11.253+0000] {taskinstance.py:341} INFO - ::group::Post task execution logs
[2026-04-24T22:25:11.254+0000] {taskinstance.py:353} INFO - Marking task as SUCCESS. dag_id=dag1, task_id=wait_file, run_id=scheduled__2026-04-22T16:00:00+00:00, execution_date=20260422T160000, start_date=20260424T222510, end_date=20260424T222511
[2026-04-24T22:25:11.279+0000] {logging_mixin.py:190} INFO - Task instance in success state
[2026-04-24T22:25:11.280+0000] {logging_mixin.py:190} INFO -  Previous state of the Task instance: running
[2026-04-24T22:25:11.280+0000] {logging_mixin.py:190} INFO - Dag name:dag1 queued_at:2026-04-24 22:25:10.002491+00:00
[2026-04-24T22:25:11.281+0000] {logging_mixin.py:190} INFO - Task hostname:fed0a0b3e6c1 operator:FileSensor
[2026-04-24T22:25:11.310+0000] {local_task_job_runner.py:266} INFO - Task exited with return code 0
[2026-04-24T22:25:11.477+0000] {taskinstance.py:3901} INFO - 1 downstream tasks scheduled from follow-on schedule check
[2026-04-24T22:25:11.480+0000] {local_task_job_runner.py:245} INFO - ::endgroup::
