[2026-04-24T22:25:15.392+0000] {local_task_job_runner.py:123} INFO - ::group::Pre task execution logs
[2026-04-24T22:25:15.405+0000] {taskinstance.py:2614} INFO - Dependencies all met for dep_context=non-requeueable deps ti=<TaskInstance: dag1.move_file scheduled__2026-04-22T16:00:00+00:00 [queued]>
[2026-04-24T22:25:15.409+0000] {taskinstance.py:2614} INFO - Dependencies all met for dep_context=requeueable deps ti=<TaskInstance: dag1.move_file scheduled__2026-04-22T16:00:00+00:00 [queued]>
[2026-04-24T22:25:15.409+0000] {taskinstance.py:2867} INFO - Starting attempt 1 of 1
[2026-04-24T22:25:15.516+0000] {taskinstance.py:2890} INFO - Executing <Task(BashOperator): move_file> on 2026-04-22 16:00:00+00:00
[2026-04-24T22:25:15.521+0000] {warnings.py:112} WARNING - /home/***/.local/lib/python3.12/site-packages/***/task/task_runner/standard_task_runner.py:70: DeprecationWarning: This process (pid=1396) is multi-threaded, use of fork() may lead to deadlocks in the child.
  pid = os.fork()

[2026-04-24T22:25:15.523+0000] {standard_task_runner.py:72} INFO - Started process 1397 to run task
[2026-04-24T22:25:15.526+0000] {standard_task_runner.py:104} INFO - Running: ['***', 'tasks', 'run', 'dag1', 'move_file', 'scheduled__2026-04-22T16:00:00+00:00', '--job-id', '273', '--raw', '--subdir', 'DAGS_FOLDER/dag1.py', '--cfg-path', '/tmp/tmpbjd08x1d']
[2026-04-24T22:25:15.527+0000] {standard_task_runner.py:105} INFO - Job 273: Subtask move_file
[2026-04-24T22:25:15.562+0000] {task_command.py:467} INFO - Running <TaskInstance: dag1.move_file scheduled__2026-04-22T16:00:00+00:00 [running]> on host fed0a0b3e6c1
[2026-04-24T22:25:15.598+0000] {taskinstance.py:3134} INFO - Exporting env vars: AIRFLOW_CTX_DAG_OWNER='***' AIRFLOW_CTX_DAG_ID='dag1' AIRFLOW_CTX_TASK_ID='move_file' AIRFLOW_CTX_EXECUTION_DATE='2026-04-22T16:00:00+00:00' AIRFLOW_CTX_TRY_NUMBER='1' AIRFLOW_CTX_DAG_RUN_ID='scheduled__2026-04-22T16:00:00+00:00'
[2026-04-24T22:25:15.599+0000] {logging_mixin.py:190} INFO - Task instance is in running state
[2026-04-24T22:25:15.599+0000] {logging_mixin.py:190} INFO -  Previous state of the Task instance: queued
[2026-04-24T22:25:15.599+0000] {logging_mixin.py:190} INFO - Current task name:move_file state:running start_date:2026-04-24 22:25:15.405247+00:00
[2026-04-24T22:25:15.599+0000] {logging_mixin.py:190} INFO - Dag name:dag1 and current dag run status:running
[2026-04-24T22:25:15.600+0000] {taskinstance.py:732} INFO - ::endgroup::
[2026-04-24T22:25:15.600+0000] {subprocess.py:78} INFO - Tmp dir root location: /tmp
[2026-04-24T22:25:15.601+0000] {subprocess.py:88} INFO - Running command: ['/usr/bin/bash', '-c', 'mv /tmp/test/record_20260423.txt /tmp/success/']
[2026-04-24T22:25:15.607+0000] {subprocess.py:99} INFO - Output:
[2026-04-24T22:25:15.610+0000] {subprocess.py:110} INFO - Command exited with return code 0
[2026-04-24T22:25:15.621+0000] {taskinstance.py:341} INFO - ::group::Post task execution logs
[2026-04-24T22:25:15.622+0000] {taskinstance.py:353} INFO - Marking task as SUCCESS. dag_id=dag1, task_id=move_file, run_id=scheduled__2026-04-22T16:00:00+00:00, execution_date=20260422T160000, start_date=20260424T222515, end_date=20260424T222515
[2026-04-24T22:25:15.630+0000] {logging_mixin.py:190} INFO - Task instance in success state
[2026-04-24T22:25:15.630+0000] {logging_mixin.py:190} INFO -  Previous state of the Task instance: running
[2026-04-24T22:25:15.630+0000] {logging_mixin.py:190} INFO - Dag name:dag1 queued_at:2026-04-24 22:25:10.002491+00:00
[2026-04-24T22:25:15.630+0000] {logging_mixin.py:190} INFO - Task hostname:fed0a0b3e6c1 operator:BashOperator
[2026-04-24T22:25:15.665+0000] {local_task_job_runner.py:266} INFO - Task exited with return code 0
[2026-04-24T22:25:15.673+0000] {taskinstance.py:3901} INFO - 0 downstream tasks scheduled from follow-on schedule check
[2026-04-24T22:25:15.674+0000] {local_task_job_runner.py:245} INFO - ::endgroup::
