[2026-04-24T21:25:40.791+0000] {local_task_job_runner.py:123} INFO - ::group::Pre task execution logs
[2026-04-24T21:25:40.799+0000] {taskinstance.py:2614} INFO - Dependencies all met for dep_context=non-requeueable deps ti=<TaskInstance: dag1.send_email scheduled__2026-04-23T16:00:00+00:00 [queued]>
[2026-04-24T21:25:40.802+0000] {taskinstance.py:2614} INFO - Dependencies all met for dep_context=requeueable deps ti=<TaskInstance: dag1.send_email scheduled__2026-04-23T16:00:00+00:00 [queued]>
[2026-04-24T21:25:40.802+0000] {taskinstance.py:2867} INFO - Starting attempt 2 of 2
[2026-04-24T21:25:40.881+0000] {taskinstance.py:2890} INFO - Executing <Task(EmailOperator): send_email> on 2026-04-23 16:00:00+00:00
[2026-04-24T21:25:40.885+0000] {warnings.py:112} WARNING - /home/***/.local/lib/python3.12/site-packages/***/task/task_runner/standard_task_runner.py:70: DeprecationWarning: This process (pid=537) is multi-threaded, use of fork() may lead to deadlocks in the child.
  pid = os.fork()

[2026-04-24T21:25:40.886+0000] {standard_task_runner.py:72} INFO - Started process 539 to run task
[2026-04-24T21:25:40.888+0000] {standard_task_runner.py:104} INFO - Running: ['***', 'tasks', 'run', 'dag1', 'send_email', 'scheduled__2026-04-23T16:00:00+00:00', '--job-id', '251', '--raw', '--subdir', 'DAGS_FOLDER/dag1.py', '--cfg-path', '/tmp/tmpexrs30gu']
[2026-04-24T21:25:40.888+0000] {standard_task_runner.py:105} INFO - Job 251: Subtask send_email
[2026-04-24T21:25:40.906+0000] {task_command.py:467} INFO - Running <TaskInstance: dag1.send_email scheduled__2026-04-23T16:00:00+00:00 [running]> on host fed0a0b3e6c1
[2026-04-24T21:25:40.934+0000] {taskinstance.py:3134} INFO - Exporting env vars: AIRFLOW_CTX_DAG_OWNER='***' AIRFLOW_CTX_DAG_ID='dag1' AIRFLOW_CTX_TASK_ID='send_email' AIRFLOW_CTX_EXECUTION_DATE='2026-04-23T16:00:00+00:00' AIRFLOW_CTX_TRY_NUMBER='2' AIRFLOW_CTX_DAG_RUN_ID='scheduled__2026-04-23T16:00:00+00:00'
[2026-04-24T21:25:40.935+0000] {logging_mixin.py:190} INFO - Task instance is in running state
[2026-04-24T21:25:40.936+0000] {logging_mixin.py:190} INFO -  Previous state of the Task instance: queued
[2026-04-24T21:25:40.936+0000] {logging_mixin.py:190} INFO - Current task name:send_email state:running start_date:2026-04-24 21:25:40.800011+00:00
[2026-04-24T21:25:40.936+0000] {logging_mixin.py:190} INFO - Dag name:dag1 and current dag run status:running
[2026-04-24T21:25:40.936+0000] {taskinstance.py:732} INFO - ::endgroup::
[2026-04-24T21:25:40.939+0000] {warnings.py:112} WARNING - /home/***/.local/lib/python3.12/site-packages/***/utils/email.py:155: RemovedInAirflow3Warning: Fetching SMTP credentials from configuration variables will be deprecated in a future release. Please set credentials using a connection instead.
  send_mime_email(e_from=mail_from, e_to=recipients, mime_msg=msg, conn_id=conn_id, dryrun=dryrun)

[2026-04-24T21:25:40.939+0000] {email.py:272} INFO - Email alerting: attempt 1
[2026-04-24T21:25:43.334+0000] {email.py:283} INFO - Sent an alert email to ['bcctshiyurourou@gmail.com']
[2026-04-24T21:25:44.032+0000] {taskinstance.py:3313} ERROR - Task failed with exception
Traceback (most recent call last):
  File "/home/airflow/.local/lib/python3.12/site-packages/airflow/models/taskinstance.py", line 768, in _execute_task
    result = _execute_callable(context=context, **execute_callable_kwargs)
             ^^^^^^^^^^^^^^^^^^^^^^^^^^^^^^^^^^^^^^^^^^^^^^^^^^^^^^^^^^^^^
  File "/home/airflow/.local/lib/python3.12/site-packages/airflow/models/taskinstance.py", line 734, in _execute_callable
    return ExecutionCallableRunner(
           ^^^^^^^^^^^^^^^^^^^^^^^^
  File "/home/airflow/.local/lib/python3.12/site-packages/airflow/utils/operator_helpers.py", line 252, in run
    return self.func(*args, **kwargs)
           ^^^^^^^^^^^^^^^^^^^^^^^^^^
  File "/home/airflow/.local/lib/python3.12/site-packages/airflow/models/baseoperator.py", line 424, in wrapper
    return func(self, *args, **kwargs)
           ^^^^^^^^^^^^^^^^^^^^^^^^^^^
  File "/home/airflow/.local/lib/python3.12/site-packages/airflow/operators/email.py", line 79, in execute
    send_email(
  File "/home/airflow/.local/lib/python3.12/site-packages/airflow/utils/email.py", line 80, in send_email
    return backend(
           ^^^^^^^^
  File "/home/airflow/.local/lib/python3.12/site-packages/airflow/utils/email.py", line 155, in send_email_smtp
    send_mime_email(e_from=mail_from, e_to=recipients, mime_msg=msg, conn_id=conn_id, dryrun=dryrun)
  File "/home/airflow/.local/lib/python3.12/site-packages/airflow/utils/email.py", line 284, in send_mime_email
    smtp_conn.sendmail(e_from, e_to, mime_msg.as_string())
  File "/usr/local/lib/python3.12/smtplib.py", line 891, in sendmail
    (code, resp) = self.data(msg)
                   ^^^^^^^^^^^^^^
  File "/usr/local/lib/python3.12/smtplib.py", line 571, in data
    raise SMTPDataError(code, repl)
smtplib.SMTPDataError: (550, b'5.7.0 Too many emails per second. Please upgrade your plan https://mailtrap.io/billing/plans/testing')
[2026-04-24T21:25:44.048+0000] {logging_mixin.py:190} INFO - Task instance in failure state
[2026-04-24T21:25:44.048+0000] {logging_mixin.py:190} INFO - Task start:2026-04-24 21:25:40.800011+00:00 end:2026-04-24 21:25:44.047261+00:00 duration:3.24725
[2026-04-24T21:25:44.048+0000] {logging_mixin.py:190} INFO - Task:<Task(EmailOperator): send_email> dag:<DAG: dag1> dagrun:<DagRun dag1 @ 2026-04-23 16:00:00+00:00: scheduled__2026-04-23T16:00:00+00:00, state:running, queued_at: 2026-04-24 21:25:26.482372+00:00. externally triggered: False>
[2026-04-24T21:25:44.048+0000] {logging_mixin.py:190} INFO - Failure caused by (550, b'5.7.0 Too many emails per second. Please upgrade your plan https://mailtrap.io/billing/plans/testing')
[2026-04-24T21:25:44.049+0000] {taskinstance.py:1226} INFO - Marking task as FAILED. dag_id=dag1, task_id=send_email, run_id=scheduled__2026-04-23T16:00:00+00:00, execution_date=20260423T160000, start_date=20260424T212540, end_date=20260424T212544
[2026-04-24T21:25:44.062+0000] {taskinstance.py:341} INFO - ::group::Post task execution logs
[2026-04-24T21:25:44.062+0000] {standard_task_runner.py:124} ERROR - Failed to execute job 251 for task send_email ((550, b'5.7.0 Too many emails per second. Please upgrade your plan https://mailtrap.io/billing/plans/testing'); 539)
Traceback (most recent call last):
  File "/home/airflow/.local/lib/python3.12/site-packages/airflow/task/task_runner/standard_task_runner.py", line 117, in _start_by_fork
    ret = args.func(args, dag=self.dag)
          ^^^^^^^^^^^^^^^^^^^^^^^^^^^^^
  File "/home/airflow/.local/lib/python3.12/site-packages/airflow/cli/cli_config.py", line 49, in command
    return func(*args, **kwargs)
           ^^^^^^^^^^^^^^^^^^^^^
  File "/home/airflow/.local/lib/python3.12/site-packages/airflow/utils/cli.py", line 116, in wrapper
    return f(*args, **kwargs)
           ^^^^^^^^^^^^^^^^^^
  File "/home/airflow/.local/lib/python3.12/site-packages/airflow/cli/commands/task_command.py", line 483, in task_run
    task_return_code = _run_task_by_selected_method(args, _dag, ti)
                       ^^^^^^^^^^^^^^^^^^^^^^^^^^^^^^^^^^^^^^^^^^^^
  File "/home/airflow/.local/lib/python3.12/site-packages/airflow/cli/commands/task_command.py", line 256, in _run_task_by_selected_method
    return _run_raw_task(args, ti)
           ^^^^^^^^^^^^^^^^^^^^^^^
  File "/home/airflow/.local/lib/python3.12/site-packages/airflow/cli/commands/task_command.py", line 341, in _run_raw_task
    return ti._run_raw_task(
           ^^^^^^^^^^^^^^^^^
  File "/home/airflow/.local/lib/python3.12/site-packages/airflow/utils/session.py", line 97, in wrapper
    return func(*args, session=session, **kwargs)
           ^^^^^^^^^^^^^^^^^^^^^^^^^^^^^^^^^^^^^^
  File "/home/airflow/.local/lib/python3.12/site-packages/airflow/models/taskinstance.py", line 3006, in _run_raw_task
    return _run_raw_task(
           ^^^^^^^^^^^^^^
  File "/home/airflow/.local/lib/python3.12/site-packages/airflow/models/taskinstance.py", line 274, in _run_raw_task
    TaskInstance._execute_task_with_callbacks(
  File "/home/airflow/.local/lib/python3.12/site-packages/airflow/models/taskinstance.py", line 3161, in _execute_task_with_callbacks
    result = self._execute_task(context, task_orig)
             ^^^^^^^^^^^^^^^^^^^^^^^^^^^^^^^^^^^^^^
  File "/home/airflow/.local/lib/python3.12/site-packages/airflow/models/taskinstance.py", line 3185, in _execute_task
    return _execute_task(self, context, task_orig)
           ^^^^^^^^^^^^^^^^^^^^^^^^^^^^^^^^^^^^^^^
  File "/home/airflow/.local/lib/python3.12/site-packages/airflow/models/taskinstance.py", line 768, in _execute_task
    result = _execute_callable(context=context, **execute_callable_kwargs)
             ^^^^^^^^^^^^^^^^^^^^^^^^^^^^^^^^^^^^^^^^^^^^^^^^^^^^^^^^^^^^^
  File "/home/airflow/.local/lib/python3.12/site-packages/airflow/models/taskinstance.py", line 734, in _execute_callable
    return ExecutionCallableRunner(
           ^^^^^^^^^^^^^^^^^^^^^^^^
  File "/home/airflow/.local/lib/python3.12/site-packages/airflow/utils/operator_helpers.py", line 252, in run
    return self.func(*args, **kwargs)
           ^^^^^^^^^^^^^^^^^^^^^^^^^^
  File "/home/airflow/.local/lib/python3.12/site-packages/airflow/models/baseoperator.py", line 424, in wrapper
    return func(self, *args, **kwargs)
           ^^^^^^^^^^^^^^^^^^^^^^^^^^^
  File "/home/airflow/.local/lib/python3.12/site-packages/airflow/operators/email.py", line 79, in execute
    send_email(
  File "/home/airflow/.local/lib/python3.12/site-packages/airflow/utils/email.py", line 80, in send_email
    return backend(
           ^^^^^^^^
  File "/home/airflow/.local/lib/python3.12/site-packages/airflow/utils/email.py", line 155, in send_email_smtp
    send_mime_email(e_from=mail_from, e_to=recipients, mime_msg=msg, conn_id=conn_id, dryrun=dryrun)
  File "/home/airflow/.local/lib/python3.12/site-packages/airflow/utils/email.py", line 284, in send_mime_email
    smtp_conn.sendmail(e_from, e_to, mime_msg.as_string())
  File "/usr/local/lib/python3.12/smtplib.py", line 891, in sendmail
    (code, resp) = self.data(msg)
                   ^^^^^^^^^^^^^^
  File "/usr/local/lib/python3.12/smtplib.py", line 571, in data
    raise SMTPDataError(code, repl)
smtplib.SMTPDataError: (550, b'5.7.0 Too many emails per second. Please upgrade your plan https://mailtrap.io/billing/plans/testing')
[2026-04-24T21:25:44.080+0000] {local_task_job_runner.py:266} INFO - Task exited with return code 1
[2026-04-24T21:25:44.095+0000] {taskinstance.py:3901} INFO - 0 downstream tasks scheduled from follow-on schedule check
[2026-04-24T21:25:44.096+0000] {local_task_job_runner.py:245} INFO - ::endgroup::
