[2026-04-24T20:42:01.278+0000] {local_task_job_runner.py:123} INFO - ::group::Pre task execution logs
[2026-04-24T20:42:01.293+0000] {taskinstance.py:2614} INFO - Dependencies all met for dep_context=non-requeueable deps ti=<TaskInstance: dag1.send_email scheduled__2026-04-23T16:00:00+00:00 [queued]>
[2026-04-24T20:42:01.299+0000] {taskinstance.py:2614} INFO - Dependencies all met for dep_context=requeueable deps ti=<TaskInstance: dag1.send_email scheduled__2026-04-23T16:00:00+00:00 [queued]>
[2026-04-24T20:42:01.299+0000] {taskinstance.py:2867} INFO - Starting attempt 1 of 1
[2026-04-24T20:42:01.498+0000] {taskinstance.py:2890} INFO - Executing <Task(EmailOperator): send_email> on 2026-04-23 16:00:00+00:00
[2026-04-24T20:42:01.509+0000] {warnings.py:112} WARNING - /home/***/.local/lib/python3.12/site-packages/***/task/task_runner/standard_task_runner.py:70: DeprecationWarning: This process (pid=959) is multi-threaded, use of fork() may lead to deadlocks in the child.
  pid = os.fork()

[2026-04-24T20:42:01.515+0000] {standard_task_runner.py:72} INFO - Started process 960 to run task
[2026-04-24T20:42:01.515+0000] {standard_task_runner.py:104} INFO - Running: ['***', 'tasks', 'run', 'dag1', 'send_email', 'scheduled__2026-04-23T16:00:00+00:00', '--job-id', '236', '--raw', '--subdir', 'DAGS_FOLDER/dag1.py', '--cfg-path', '/tmp/tmphk43nu0i']
[2026-04-24T20:42:01.517+0000] {standard_task_runner.py:105} INFO - Job 236: Subtask send_email
[2026-04-24T20:42:01.562+0000] {task_command.py:467} INFO - Running <TaskInstance: dag1.send_email scheduled__2026-04-23T16:00:00+00:00 [running]> on host 1d834ccc1a7b
[2026-04-24T20:42:01.605+0000] {taskinstance.py:3134} INFO - Exporting env vars: AIRFLOW_CTX_DAG_OWNER='***' AIRFLOW_CTX_DAG_ID='dag1' AIRFLOW_CTX_TASK_ID='send_email' AIRFLOW_CTX_EXECUTION_DATE='2026-04-23T16:00:00+00:00' AIRFLOW_CTX_TRY_NUMBER='1' AIRFLOW_CTX_DAG_RUN_ID='scheduled__2026-04-23T16:00:00+00:00'
[2026-04-24T20:42:01.607+0000] {logging_mixin.py:190} INFO - Task instance is in running state
[2026-04-24T20:42:01.608+0000] {logging_mixin.py:190} INFO -  Previous state of the Task instance: queued
[2026-04-24T20:42:01.608+0000] {logging_mixin.py:190} INFO - Current task name:send_email state:running start_date:2026-04-24 20:42:01.293579+00:00
[2026-04-24T20:42:01.609+0000] {logging_mixin.py:190} INFO - Dag name:dag1 and current dag run status:running
[2026-04-24T20:42:01.609+0000] {taskinstance.py:732} INFO - ::endgroup::
[2026-04-24T20:42:01.616+0000] {warnings.py:112} WARNING - /home/***/.local/lib/python3.12/site-packages/***/utils/email.py:155: RemovedInAirflow3Warning: Fetching SMTP credentials from configuration variables will be deprecated in a future release. Please set credentials using a connection instead.
  send_mime_email(e_from=mail_from, e_to=recipients, mime_msg=msg, conn_id=conn_id, dryrun=dryrun)

[2026-04-24T20:42:01.616+0000] {configuration.py:1074} WARNING - section/key [smtp/smtp_user] not found in config
[2026-04-24T20:42:01.616+0000] {email.py:272} INFO - Email alerting: attempt 1
[2026-04-24T20:42:01.618+0000] {taskinstance.py:3313} ERROR - Task failed with exception
Traceback (most recent call last):
  File "/home/airflow/.local/lib/python3.12/site-packages/airflow/models/taskinstance.py", line 768, in _execute_task
    result = _execute_callable(context=context, **execute_callable_kwargs)
             ^^^^^^^^^^^^^^^^^^^^^^^^^^^^^^^^^^^^^^^^^^^^^^^^^^^^^^^^^^^^^
  File "/home/airflow/.local/lib/python3.12/site-packages/airflow/models/taskinstance.py", line 734, in _execute_callable
    return ExecutionCallableRunner(
           ^^^^^^^^^^^^^^^^^^^^^^^^
  File "/home/airflow/.local/lib/python3.12/site-packages/airflow/utils/operator_helpers.py", line 252, in run
    return self.func(*args, **kwargs)
           ^^^^^^^^^^^^^^^^^^^^^^^^^^
  File "/home/airflow/.local/lib/python3.12/site-packages/airflow/models/baseoperator.py", line 424, in wrapper
    return func(self, *args, **kwargs)
           ^^^^^^^^^^^^^^^^^^^^^^^^^^^
  File "/home/airflow/.local/lib/python3.12/site-packages/airflow/operators/email.py", line 79, in execute
    send_email(
  File "/home/airflow/.local/lib/python3.12/site-packages/airflow/utils/email.py", line 80, in send_email
    return backend(
           ^^^^^^^^
  File "/home/airflow/.local/lib/python3.12/site-packages/airflow/utils/email.py", line 155, in send_email_smtp
    send_mime_email(e_from=mail_from, e_to=recipients, mime_msg=msg, conn_id=conn_id, dryrun=dryrun)
  File "/home/airflow/.local/lib/python3.12/site-packages/airflow/utils/email.py", line 274, in send_mime_email
    smtp_conn = _get_smtp_connection(smtp_host, smtp_port, smtp_timeout, smtp_ssl)
                ^^^^^^^^^^^^^^^^^^^^^^^^^^^^^^^^^^^^^^^^^^^^^^^^^^^^^^^^^^^^^^^^^^
  File "/home/airflow/.local/lib/python3.12/site-packages/airflow/utils/email.py", line 318, in _get_smtp_connection
    return smtplib.SMTP(host=host, port=port, timeout=timeout)
           ^^^^^^^^^^^^^^^^^^^^^^^^^^^^^^^^^^^^^^^^^^^^^^^^^^^
  File "/usr/local/lib/python3.12/smtplib.py", line 255, in __init__
    (code, msg) = self.connect(host, port)
                  ^^^^^^^^^^^^^^^^^^^^^^^^
  File "/usr/local/lib/python3.12/smtplib.py", line 341, in connect
    self.sock = self._get_socket(host, port, self.timeout)
                ^^^^^^^^^^^^^^^^^^^^^^^^^^^^^^^^^^^^^^^^^^
  File "/usr/local/lib/python3.12/smtplib.py", line 312, in _get_socket
    return socket.create_connection((host, port), timeout,
           ^^^^^^^^^^^^^^^^^^^^^^^^^^^^^^^^^^^^^^^^^^^^^^^
  File "/usr/local/lib/python3.12/socket.py", line 865, in create_connection
    raise exceptions[0]
  File "/usr/local/lib/python3.12/socket.py", line 850, in create_connection
    sock.connect(sa)
ConnectionRefusedError: [Errno 111] Connection refused
[2026-04-24T20:42:01.624+0000] {logging_mixin.py:190} INFO - Task instance in failure state
[2026-04-24T20:42:01.625+0000] {logging_mixin.py:190} INFO - Task start:2026-04-24 20:42:01.293579+00:00 end:2026-04-24 20:42:01.624593+00:00 duration:0.331014
[2026-04-24T20:42:01.625+0000] {logging_mixin.py:190} INFO - Task:<Task(EmailOperator): send_email> dag:<DAG: dag1> dagrun:<DagRun dag1 @ 2026-04-23 16:00:00+00:00: scheduled__2026-04-23T16:00:00+00:00, state:running, queued_at: 2026-04-24 20:33:55.370799+00:00. externally triggered: False>
[2026-04-24T20:42:01.625+0000] {logging_mixin.py:190} INFO - Failure caused by [Errno 111] Connection refused
[2026-04-24T20:42:01.625+0000] {taskinstance.py:1226} INFO - Marking task as FAILED. dag_id=dag1, task_id=send_email, run_id=scheduled__2026-04-23T16:00:00+00:00, execution_date=20260423T160000, start_date=20260424T204201, end_date=20260424T204201
[2026-04-24T20:42:01.636+0000] {taskinstance.py:341} INFO - ::group::Post task execution logs
[2026-04-24T20:42:01.637+0000] {standard_task_runner.py:124} ERROR - Failed to execute job 236 for task send_email ([Errno 111] Connection refused; 960)
Traceback (most recent call last):
  File "/home/airflow/.local/lib/python3.12/site-packages/airflow/task/task_runner/standard_task_runner.py", line 117, in _start_by_fork
    ret = args.func(args, dag=self.dag)
          ^^^^^^^^^^^^^^^^^^^^^^^^^^^^^
  File "/home/airflow/.local/lib/python3.12/site-packages/airflow/cli/cli_config.py", line 49, in command
    return func(*args, **kwargs)
           ^^^^^^^^^^^^^^^^^^^^^
  File "/home/airflow/.local/lib/python3.12/site-packages/airflow/utils/cli.py", line 116, in wrapper
    return f(*args, **kwargs)
           ^^^^^^^^^^^^^^^^^^
  File "/home/airflow/.local/lib/python3.12/site-packages/airflow/cli/commands/task_command.py", line 483, in task_run
    task_return_code = _run_task_by_selected_method(args, _dag, ti)
                       ^^^^^^^^^^^^^^^^^^^^^^^^^^^^^^^^^^^^^^^^^^^^
  File "/home/airflow/.local/lib/python3.12/site-packages/airflow/cli/commands/task_command.py", line 256, in _run_task_by_selected_method
    return _run_raw_task(args, ti)
           ^^^^^^^^^^^^^^^^^^^^^^^
  File "/home/airflow/.local/lib/python3.12/site-packages/airflow/cli/commands/task_command.py", line 341, in _run_raw_task
    return ti._run_raw_task(
           ^^^^^^^^^^^^^^^^^
  File "/home/airflow/.local/lib/python3.12/site-packages/airflow/utils/session.py", line 97, in wrapper
    return func(*args, session=session, **kwargs)
           ^^^^^^^^^^^^^^^^^^^^^^^^^^^^^^^^^^^^^^
  File "/home/airflow/.local/lib/python3.12/site-packages/airflow/models/taskinstance.py", line 3006, in _run_raw_task
    return _run_raw_task(
           ^^^^^^^^^^^^^^
  File "/home/airflow/.local/lib/python3.12/site-packages/airflow/models/taskinstance.py", line 274, in _run_raw_task
    TaskInstance._execute_task_with_callbacks(
  File "/home/airflow/.local/lib/python3.12/site-packages/airflow/models/taskinstance.py", line 3161, in _execute_task_with_callbacks
    result = self._execute_task(context, task_orig)
             ^^^^^^^^^^^^^^^^^^^^^^^^^^^^^^^^^^^^^^
  File "/home/airflow/.local/lib/python3.12/site-packages/airflow/models/taskinstance.py", line 3185, in _execute_task
    return _execute_task(self, context, task_orig)
           ^^^^^^^^^^^^^^^^^^^^^^^^^^^^^^^^^^^^^^^
  File "/home/airflow/.local/lib/python3.12/site-packages/airflow/models/taskinstance.py", line 768, in _execute_task
    result = _execute_callable(context=context, **execute_callable_kwargs)
             ^^^^^^^^^^^^^^^^^^^^^^^^^^^^^^^^^^^^^^^^^^^^^^^^^^^^^^^^^^^^^
  File "/home/airflow/.local/lib/python3.12/site-packages/airflow/models/taskinstance.py", line 734, in _execute_callable
    return ExecutionCallableRunner(
           ^^^^^^^^^^^^^^^^^^^^^^^^
  File "/home/airflow/.local/lib/python3.12/site-packages/airflow/utils/operator_helpers.py", line 252, in run
    return self.func(*args, **kwargs)
           ^^^^^^^^^^^^^^^^^^^^^^^^^^
  File "/home/airflow/.local/lib/python3.12/site-packages/airflow/models/baseoperator.py", line 424, in wrapper
    return func(self, *args, **kwargs)
           ^^^^^^^^^^^^^^^^^^^^^^^^^^^
  File "/home/airflow/.local/lib/python3.12/site-packages/airflow/operators/email.py", line 79, in execute
    send_email(
  File "/home/airflow/.local/lib/python3.12/site-packages/airflow/utils/email.py", line 80, in send_email
    return backend(
           ^^^^^^^^
  File "/home/airflow/.local/lib/python3.12/site-packages/airflow/utils/email.py", line 155, in send_email_smtp
    send_mime_email(e_from=mail_from, e_to=recipients, mime_msg=msg, conn_id=conn_id, dryrun=dryrun)
  File "/home/airflow/.local/lib/python3.12/site-packages/airflow/utils/email.py", line 274, in send_mime_email
    smtp_conn = _get_smtp_connection(smtp_host, smtp_port, smtp_timeout, smtp_ssl)
                ^^^^^^^^^^^^^^^^^^^^^^^^^^^^^^^^^^^^^^^^^^^^^^^^^^^^^^^^^^^^^^^^^^
  File "/home/airflow/.local/lib/python3.12/site-packages/airflow/utils/email.py", line 318, in _get_smtp_connection
    return smtplib.SMTP(host=host, port=port, timeout=timeout)
           ^^^^^^^^^^^^^^^^^^^^^^^^^^^^^^^^^^^^^^^^^^^^^^^^^^^
  File "/usr/local/lib/python3.12/smtplib.py", line 255, in __init__
    (code, msg) = self.connect(host, port)
                  ^^^^^^^^^^^^^^^^^^^^^^^^
  File "/usr/local/lib/python3.12/smtplib.py", line 341, in connect
    self.sock = self._get_socket(host, port, self.timeout)
                ^^^^^^^^^^^^^^^^^^^^^^^^^^^^^^^^^^^^^^^^^^
  File "/usr/local/lib/python3.12/smtplib.py", line 312, in _get_socket
    return socket.create_connection((host, port), timeout,
           ^^^^^^^^^^^^^^^^^^^^^^^^^^^^^^^^^^^^^^^^^^^^^^^
  File "/usr/local/lib/python3.12/socket.py", line 865, in create_connection
    raise exceptions[0]
  File "/usr/local/lib/python3.12/socket.py", line 850, in create_connection
    sock.connect(sa)
ConnectionRefusedError: [Errno 111] Connection refused
[2026-04-24T20:42:01.659+0000] {local_task_job_runner.py:266} INFO - Task exited with return code 1
[2026-04-24T20:42:01.669+0000] {taskinstance.py:3901} INFO - 0 downstream tasks scheduled from follow-on schedule check
[2026-04-24T20:42:01.669+0000] {local_task_job_runner.py:245} INFO - ::endgroup::
[2026-04-24T22:23:35.184+0000] {local_task_job_runner.py:123} INFO - ::group::Pre task execution logs
[2026-04-24T22:23:35.191+0000] {taskinstance.py:2614} INFO - Dependencies all met for dep_context=non-requeueable deps ti=<TaskInstance: dag1.send_email scheduled__2026-04-23T16:00:00+00:00 [queued]>
[2026-04-24T22:23:35.194+0000] {taskinstance.py:2614} INFO - Dependencies all met for dep_context=requeueable deps ti=<TaskInstance: dag1.send_email scheduled__2026-04-23T16:00:00+00:00 [queued]>
[2026-04-24T22:23:35.194+0000] {taskinstance.py:2867} INFO - Starting attempt 1 of 1
[2026-04-24T22:23:35.265+0000] {taskinstance.py:2890} INFO - Executing <Task(EmailOperator): send_email> on 2026-04-23 16:00:00+00:00
[2026-04-24T22:23:35.269+0000] {warnings.py:112} WARNING - /home/***/.local/lib/python3.12/site-packages/***/task/task_runner/standard_task_runner.py:70: DeprecationWarning: This process (pid=1359) is multi-threaded, use of fork() may lead to deadlocks in the child.
  pid = os.fork()

[2026-04-24T22:23:35.270+0000] {standard_task_runner.py:72} INFO - Started process 1360 to run task
[2026-04-24T22:23:35.270+0000] {standard_task_runner.py:104} INFO - Running: ['***', 'tasks', 'run', 'dag1', 'send_email', 'scheduled__2026-04-23T16:00:00+00:00', '--job-id', '267', '--raw', '--subdir', 'DAGS_FOLDER/dag1.py', '--cfg-path', '/tmp/tmp7z1wy5_7']
[2026-04-24T22:23:35.271+0000] {standard_task_runner.py:105} INFO - Job 267: Subtask send_email
[2026-04-24T22:23:35.301+0000] {task_command.py:467} INFO - Running <TaskInstance: dag1.send_email scheduled__2026-04-23T16:00:00+00:00 [running]> on host fed0a0b3e6c1
[2026-04-24T22:23:35.333+0000] {taskinstance.py:3134} INFO - Exporting env vars: AIRFLOW_CTX_DAG_OWNER='***' AIRFLOW_CTX_DAG_ID='dag1' AIRFLOW_CTX_TASK_ID='send_email' AIRFLOW_CTX_EXECUTION_DATE='2026-04-23T16:00:00+00:00' AIRFLOW_CTX_TRY_NUMBER='1' AIRFLOW_CTX_DAG_RUN_ID='scheduled__2026-04-23T16:00:00+00:00'
[2026-04-24T22:23:35.333+0000] {logging_mixin.py:190} INFO - Task instance is in running state
[2026-04-24T22:23:35.333+0000] {logging_mixin.py:190} INFO -  Previous state of the Task instance: queued
[2026-04-24T22:23:35.334+0000] {logging_mixin.py:190} INFO - Current task name:send_email state:running start_date:2026-04-24 22:23:35.192222+00:00
[2026-04-24T22:23:35.334+0000] {logging_mixin.py:190} INFO - Dag name:dag1 and current dag run status:running
[2026-04-24T22:23:35.334+0000] {taskinstance.py:732} INFO - ::endgroup::
[2026-04-24T22:23:35.337+0000] {warnings.py:112} WARNING - /home/***/.local/lib/python3.12/site-packages/***/utils/email.py:155: RemovedInAirflow3Warning: Fetching SMTP credentials from configuration variables will be deprecated in a future release. Please set credentials using a connection instead.
  send_mime_email(e_from=mail_from, e_to=recipients, mime_msg=msg, conn_id=conn_id, dryrun=dryrun)

[2026-04-24T22:23:35.338+0000] {email.py:272} INFO - Email alerting: attempt 1
[2026-04-24T22:23:38.029+0000] {email.py:283} INFO - Sent an alert email to ['***@example.com']
[2026-04-24T22:23:39.441+0000] {taskinstance.py:341} INFO - ::group::Post task execution logs
[2026-04-24T22:23:39.442+0000] {taskinstance.py:353} INFO - Marking task as SUCCESS. dag_id=dag1, task_id=send_email, run_id=scheduled__2026-04-23T16:00:00+00:00, execution_date=20260423T160000, start_date=20260424T222335, end_date=20260424T222339
[2026-04-24T22:23:39.465+0000] {logging_mixin.py:190} INFO - Task instance in success state
[2026-04-24T22:23:39.466+0000] {logging_mixin.py:190} INFO -  Previous state of the Task instance: running
[2026-04-24T22:23:39.466+0000] {logging_mixin.py:190} INFO - Dag name:dag1 queued_at:2026-04-24 22:18:29.930236+00:00
[2026-04-24T22:23:39.467+0000] {logging_mixin.py:190} INFO - Task hostname:fed0a0b3e6c1 operator:EmailOperator
[2026-04-24T22:23:39.503+0000] {local_task_job_runner.py:266} INFO - Task exited with return code 0
[2026-04-24T22:23:39.511+0000] {taskinstance.py:3901} INFO - 0 downstream tasks scheduled from follow-on schedule check
[2026-04-24T22:23:39.512+0000] {local_task_job_runner.py:245} INFO - ::endgroup::
[2026-04-24T22:25:15.379+0000] {local_task_job_runner.py:123} INFO - ::group::Pre task execution logs
[2026-04-24T22:25:15.396+0000] {taskinstance.py:2614} INFO - Dependencies all met for dep_context=non-requeueable deps ti=<TaskInstance: dag1.send_email scheduled__2026-04-23T16:00:00+00:00 [queued]>
[2026-04-24T22:25:15.404+0000] {taskinstance.py:2614} INFO - Dependencies all met for dep_context=requeueable deps ti=<TaskInstance: dag1.send_email scheduled__2026-04-23T16:00:00+00:00 [queued]>
[2026-04-24T22:25:15.404+0000] {taskinstance.py:2867} INFO - Starting attempt 1 of 1
[2026-04-24T22:25:15.517+0000] {taskinstance.py:2890} INFO - Executing <Task(EmailOperator): send_email> on 2026-04-23 16:00:00+00:00
[2026-04-24T22:25:15.525+0000] {warnings.py:112} WARNING - /home/***/.local/lib/python3.12/site-packages/***/task/task_runner/standard_task_runner.py:70: DeprecationWarning: This process (pid=1395) is multi-threaded, use of fork() may lead to deadlocks in the child.
  pid = os.fork()

[2026-04-24T22:25:15.527+0000] {standard_task_runner.py:104} INFO - Running: ['***', 'tasks', 'run', 'dag1', 'send_email', 'scheduled__2026-04-23T16:00:00+00:00', '--job-id', '272', '--raw', '--subdir', 'DAGS_FOLDER/dag1.py', '--cfg-path', '/tmp/tmpf2gtjl6j']
[2026-04-24T22:25:15.527+0000] {standard_task_runner.py:72} INFO - Started process 1398 to run task
[2026-04-24T22:25:15.528+0000] {standard_task_runner.py:105} INFO - Job 272: Subtask send_email
[2026-04-24T22:25:15.562+0000] {task_command.py:467} INFO - Running <TaskInstance: dag1.send_email scheduled__2026-04-23T16:00:00+00:00 [running]> on host fed0a0b3e6c1
[2026-04-24T22:25:15.604+0000] {taskinstance.py:3134} INFO - Exporting env vars: AIRFLOW_CTX_DAG_OWNER='***' AIRFLOW_CTX_DAG_ID='dag1' AIRFLOW_CTX_TASK_ID='send_email' AIRFLOW_CTX_EXECUTION_DATE='2026-04-23T16:00:00+00:00' AIRFLOW_CTX_TRY_NUMBER='1' AIRFLOW_CTX_DAG_RUN_ID='scheduled__2026-04-23T16:00:00+00:00'
[2026-04-24T22:25:15.605+0000] {logging_mixin.py:190} INFO - Task instance is in running state
[2026-04-24T22:25:15.605+0000] {logging_mixin.py:190} INFO -  Previous state of the Task instance: queued
[2026-04-24T22:25:15.606+0000] {logging_mixin.py:190} INFO - Current task name:send_email state:running start_date:2026-04-24 22:25:15.396973+00:00
[2026-04-24T22:25:15.606+0000] {logging_mixin.py:190} INFO - Dag name:dag1 and current dag run status:running
[2026-04-24T22:25:15.606+0000] {taskinstance.py:732} INFO - ::endgroup::
[2026-04-24T22:25:15.611+0000] {warnings.py:112} WARNING - /home/***/.local/lib/python3.12/site-packages/***/utils/email.py:155: RemovedInAirflow3Warning: Fetching SMTP credentials from configuration variables will be deprecated in a future release. Please set credentials using a connection instead.
  send_mime_email(e_from=mail_from, e_to=recipients, mime_msg=msg, conn_id=conn_id, dryrun=dryrun)

[2026-04-24T22:25:15.612+0000] {email.py:272} INFO - Email alerting: attempt 1
[2026-04-24T22:25:18.037+0000] {email.py:283} INFO - Sent an alert email to ['***@example.com']
[2026-04-24T22:25:19.281+0000] {taskinstance.py:341} INFO - ::group::Post task execution logs
[2026-04-24T22:25:19.285+0000] {taskinstance.py:353} INFO - Marking task as SUCCESS. dag_id=dag1, task_id=send_email, run_id=scheduled__2026-04-23T16:00:00+00:00, execution_date=20260423T160000, start_date=20260424T222515, end_date=20260424T222519
[2026-04-24T22:25:19.307+0000] {logging_mixin.py:190} INFO - Task instance in success state
[2026-04-24T22:25:19.308+0000] {logging_mixin.py:190} INFO -  Previous state of the Task instance: running
[2026-04-24T22:25:19.308+0000] {logging_mixin.py:190} INFO - Dag name:dag1 queued_at:2026-04-24 22:25:10.063904+00:00
[2026-04-24T22:25:19.309+0000] {logging_mixin.py:190} INFO - Task hostname:fed0a0b3e6c1 operator:EmailOperator
[2026-04-24T22:25:19.341+0000] {local_task_job_runner.py:266} INFO - Task exited with return code 0
[2026-04-24T22:25:19.358+0000] {taskinstance.py:3901} INFO - 0 downstream tasks scheduled from follow-on schedule check
[2026-04-24T22:25:19.358+0000] {local_task_job_runner.py:245} INFO - ::endgroup::
